2019-06-29 14:16:39,029 [Worker-3: Loading available Gradle versions] INFO  o.e.b.c.i.u.g.PublishedGradleVersions - Gradle version information cache is up-to-date. Trying to read.
2019-06-29 14:19:31,878 [Worker-1: Creating maven-archetype-quickstart] INFO  o.e.m.c.i.p.ProjectConfigurationManager - Collecting project info '/pom.xml' C:\Users\pim14\Documents\HBO ICT\Jaar 1\ipass nieuw\workspace\Ipass\pom.xml
2019-06-29 14:19:40,727 [Worker-1: Creating maven-archetype-quickstart] INFO  o.e.m.c.i.l.LifecycleMappingFactory - Using org.eclipse.m2e.jdt.JarLifecycleMapping lifecycle mapping for MavenProject: pim.hu:Ipass:0.0.1-SNAPSHOT @ C:\Users\pim14\Documents\HBO ICT\Jaar 1\ipass nieuw\workspace\Ipass\pom.xml.
2019-06-29 14:19:43,443 [Worker-1: Creating maven-archetype-quickstart] INFO  o.e.m.j.i.AbstractJavaProjectConfigurator - Adding source folder /Ipass/src/main/java
2019-06-29 14:19:43,461 [Worker-1: Creating maven-archetype-quickstart] INFO  o.e.m.j.i.AbstractJavaProjectConfigurator - Adding source folder /Ipass/src/test/java
2019-06-29 14:19:43,799 [Worker-1: Creating maven-archetype-quickstart] INFO  o.e.m.c.i.p.ProjectConfigurationManager - Imported and configured 1 project(s) in 11 sec
2019-06-29 14:19:46,202 [Worker-1: Building workspace] INFO  o.e.m.c.i.embedder.EclipseLogger - Using 'UTF-8' encoding to copy filtered resources.
2019-06-29 14:19:46,202 [Worker-1: Building workspace] INFO  o.e.m.c.i.embedder.EclipseLogger - skip non existing resourceDirectory C:\Users\pim14\Documents\HBO ICT\Jaar 1\ipass nieuw\workspace\Ipass\src\main\resources
2019-06-29 14:19:46,205 [Worker-1: Building workspace] INFO  o.e.m.c.i.embedder.EclipseLogger - Using 'UTF-8' encoding to copy filtered resources.
2019-06-29 14:19:46,206 [Worker-1: Building workspace] INFO  o.e.m.c.i.embedder.EclipseLogger - skip non existing resourceDirectory C:\Users\pim14\Documents\HBO ICT\Jaar 1\ipass nieuw\workspace\Ipass\src\test\resources
2019-06-29 14:21:22,743 [Worker-14: Building workspace] INFO  o.e.m.c.i.embedder.EclipseLogger - Using 'UTF-8' encoding to copy filtered resources.
2019-06-29 14:21:22,743 [Worker-14: Building workspace] INFO  o.e.m.c.i.embedder.EclipseLogger - skip non existing resourceDirectory C:\Users\pim14\Documents\HBO ICT\Jaar 1\ipass nieuw\workspace\Ipass\src\main\resources
2019-06-29 14:21:22,745 [Worker-14: Building workspace] INFO  o.e.m.c.i.embedder.EclipseLogger - Using 'UTF-8' encoding to copy filtered resources.
2019-06-29 14:21:22,745 [Worker-14: Building workspace] INFO  o.e.m.c.i.embedder.EclipseLogger - skip non existing resourceDirectory C:\Users\pim14\Documents\HBO ICT\Jaar 1\ipass nieuw\workspace\Ipass\src\test\resources
2019-06-29 14:24:16,174 [Worker-10: Building workspace] INFO  o.e.m.c.i.l.LifecycleMappingFactory - Using org.maven.ide.eclipse.wtp.WarLifecycleMapping lifecycle mapping for MavenProject: nl.hu.v1wac:firstapp:1.0 @ C:\Users\pim14\eclipse-workspace\firstapp\pom.xml.
2019-06-29 14:24:17,909 [Worker-10: Building workspace] INFO  o.e.m.c.i.e.AbstractTransferListenerAdapter - Downloading https://repo.maven.apache.org/maven2/org/apache/maven/plugins/maven-clean-plugin/2.5/maven-clean-plugin-2.5.pom
2019-06-29 14:24:17,951 [Worker-10: Building workspace] INFO  o.e.m.c.i.e.AbstractTransferListenerAdapter - Downloaded https://repo.maven.apache.org/maven2/org/apache/maven/plugins/maven-clean-plugin/2.5/maven-clean-plugin-2.5.pom
2019-06-29 14:24:19,337 [Worker-10: Building workspace] INFO  o.e.m.c.i.embedder.EclipseLogger - Using 'UTF-8' encoding to copy filtered resources.
2019-06-29 14:24:19,337 [Worker-10: Building workspace] INFO  o.e.m.c.i.embedder.EclipseLogger - skip non existing resourceDirectory C:\Users\pim14\eclipse-workspace\firstapp\src\main\resources
2019-06-29 14:24:19,339 [Worker-10: Building workspace] INFO  o.e.m.c.i.embedder.EclipseLogger - Using 'UTF-8' encoding to copy filtered resources.
2019-06-29 14:24:19,346 [Worker-10: Building workspace] INFO  o.e.m.c.i.embedder.EclipseLogger - skip non existing resourceDirectory C:\Users\pim14\eclipse-workspace\firstapp\src\test\resources
2019-06-29 14:24:19,767 [Worker-18: Building workspace] INFO  o.e.m.c.i.embedder.EclipseLogger - Using 'UTF-8' encoding to copy filtered resources.
2019-06-29 14:24:19,784 [Worker-18: Building workspace] INFO  o.e.m.c.i.embedder.EclipseLogger - skip non existing resourceDirectory C:\Users\pim14\eclipse-workspace\firstapp\src\main\resources
2019-06-29 14:24:19,786 [Worker-18: Building workspace] INFO  o.e.m.c.i.embedder.EclipseLogger - Using 'UTF-8' encoding to copy filtered resources.
2019-06-29 14:24:19,806 [Worker-18: Building workspace] INFO  o.e.m.c.i.embedder.EclipseLogger - skip non existing resourceDirectory C:\Users\pim14\eclipse-workspace\firstapp\src\test\resources
2019-06-29 14:29:22,154 [Worker-12: Updating Maven Project] INFO  o.e.m.c.i.p.ProjectConfigurationManager - Update started
2019-06-29 14:29:25,525 [Worker-12: Updating Maven Project] INFO  o.e.m.c.i.l.LifecycleMappingFactory - Using org.eclipse.m2e.jdt.JarLifecycleMapping lifecycle mapping for MavenProject: pim.hu:Ipass:0.0.1-SNAPSHOT @ C:\Users\pim14\Documents\HBO ICT\Jaar 1\ipass nieuw\workspace\Ipass\pom.xml.
2019-06-29 14:29:26,656 [Worker-12: Updating Maven Project] INFO  o.e.m.j.i.AbstractJavaProjectConfigurator - Adding source folder /Ipass/src/main/java
2019-06-29 14:29:26,668 [Worker-12: Updating Maven Project] INFO  o.e.m.j.i.AbstractJavaProjectConfigurator - Adding source folder /Ipass/src/test/java
2019-06-29 14:29:27,907 [Worker-12: Updating Maven Project] INFO  o.e.m.c.i.p.ProjectConfigurationManager - Update completed: 5 sec
2019-06-29 14:29:28,166 [Worker-16: Building workspace] INFO  o.e.m.c.i.embedder.EclipseLogger - Using 'UTF-8' encoding to copy filtered resources.
2019-06-29 14:29:28,193 [Worker-16: Building workspace] INFO  o.e.m.c.i.embedder.EclipseLogger - skip non existing resourceDirectory C:\Users\pim14\Documents\HBO ICT\Jaar 1\ipass nieuw\workspace\Ipass\src\main\resources
2019-06-29 14:29:28,211 [Worker-16: Building workspace] INFO  o.e.m.c.i.embedder.EclipseLogger - Using 'UTF-8' encoding to copy filtered resources.
2019-06-29 14:29:28,211 [Worker-16: Building workspace] INFO  o.e.m.c.i.embedder.EclipseLogger - skip non existing resourceDirectory C:\Users\pim14\Documents\HBO ICT\Jaar 1\ipass nieuw\workspace\Ipass\src\test\resources
2019-06-29 14:36:55,452 [Worker-28: Building workspace] INFO  o.e.m.c.i.l.LifecycleMappingFactory - Using org.maven.ide.eclipse.wtp.WarLifecycleMapping lifecycle mapping for MavenProject: nl.hu.v1wac:firstapp:1.0 @ C:\Users\pim14\eclipse-workspace\firstapp\pom.xml.
2019-06-29 14:36:56,602 [Worker-28: Building workspace] INFO  o.e.m.c.i.embedder.EclipseLogger - Using 'UTF-8' encoding to copy filtered resources.
2019-06-29 14:36:56,617 [Worker-28: Building workspace] INFO  o.e.m.c.i.embedder.EclipseLogger - skip non existing resourceDirectory C:\Users\pim14\eclipse-workspace\firstapp\src\main\resources
2019-06-29 14:36:56,636 [Worker-28: Building workspace] INFO  o.e.m.c.i.embedder.EclipseLogger - Using 'UTF-8' encoding to copy filtered resources.
2019-06-29 14:36:56,647 [Worker-28: Building workspace] INFO  o.e.m.c.i.embedder.EclipseLogger - skip non existing resourceDirectory C:\Users\pim14\eclipse-workspace\firstapp\src\test\resources
2019-06-29 14:36:56,648 [Worker-28: Building workspace] INFO  o.e.m.w.i.f.ResourceFilteringBuildParticipant - Changed resources require a complete clean of filtered resources of firstapp
2019-06-29 14:36:57,045 [Worker-28: Building workspace] INFO  o.e.m.w.i.f.ResourceFilteringBuildParticipant - Executing resource filtering for firstapp
2019-06-29 14:36:57,053 [Worker-28: Building workspace] INFO  o.e.m.c.i.embedder.EclipseLogger - Using 'UTF-8' encoding to copy filtered resources.
2019-06-29 14:36:58,294 [Worker-28: Building workspace] INFO  o.e.m.c.i.embedder.EclipseLogger - Using 'UTF-8' encoding to copy filtered resources.
2019-06-29 14:36:58,294 [Worker-28: Building workspace] INFO  o.e.m.c.i.embedder.EclipseLogger - skip non existing resourceDirectory C:\Users\pim14\eclipse-workspace\firstapp\src\main\resources
2019-06-29 14:36:58,296 [Worker-28: Building workspace] INFO  o.e.m.c.i.embedder.EclipseLogger - Using 'UTF-8' encoding to copy filtered resources.
2019-06-29 14:36:58,296 [Worker-28: Building workspace] INFO  o.e.m.c.i.embedder.EclipseLogger - skip non existing resourceDirectory C:\Users\pim14\eclipse-workspace\firstapp\src\test\resources
2019-06-29 14:37:03,617 [Worker-28: Updating Maven Project] INFO  o.e.m.c.i.p.ProjectConfigurationManager - Update started
2019-06-29 14:37:03,764 [Worker-28: Updating Maven Project] INFO  o.e.m.c.i.l.LifecycleMappingFactory - Using org.eclipse.m2e.jdt.JarLifecycleMapping lifecycle mapping for MavenProject: pim.hu:Ipass:0.0.1-SNAPSHOT @ C:\Users\pim14\Documents\HBO ICT\Jaar 1\ipass nieuw\workspace\Ipass\pom.xml.
2019-06-29 14:37:03,866 [Worker-28: Updating Maven Project] INFO  o.e.m.j.i.AbstractJavaProjectConfigurator - Adding source folder /Ipass/src/main/java
2019-06-29 14:37:03,866 [Worker-28: Updating Maven Project] INFO  o.e.m.j.i.AbstractJavaProjectConfigurator - Adding source folder /Ipass/src/test/java
2019-06-29 14:37:04,001 [Worker-28: Updating Maven Project] INFO  o.e.m.c.i.p.ProjectConfigurationManager - Update completed: 0 sec
2019-06-29 14:37:04,180 [Worker-29: Building workspace] INFO  o.e.m.c.i.embedder.EclipseLogger - Using 'UTF-8' encoding to copy filtered resources.
2019-06-29 14:37:04,191 [Worker-29: Building workspace] INFO  o.e.m.c.i.embedder.EclipseLogger - skip non existing resourceDirectory C:\Users\pim14\Documents\HBO ICT\Jaar 1\ipass nieuw\workspace\Ipass\src\main\resources
2019-06-29 14:37:04,193 [Worker-29: Building workspace] INFO  o.e.m.c.i.embedder.EclipseLogger - Using 'UTF-8' encoding to copy filtered resources.
2019-06-29 14:37:04,207 [Worker-29: Building workspace] INFO  o.e.m.c.i.embedder.EclipseLogger - skip non existing resourceDirectory C:\Users\pim14\Documents\HBO ICT\Jaar 1\ipass nieuw\workspace\Ipass\src\test\resources
2019-06-29 14:39:09,308 [Worker-29: Creating maven-archetype-quickstart] INFO  o.e.m.c.i.p.ProjectConfigurationManager - Collecting project info '/pom.xml' C:\Users\pim14\Documents\HBO ICT\Jaar 1\ipass nieuw\workspace\IPASS\pom.xml
2019-06-29 14:39:09,526 [Worker-29: Creating maven-archetype-quickstart] INFO  o.e.m.c.i.l.LifecycleMappingFactory - Using org.eclipse.m2e.jdt.JarLifecycleMapping lifecycle mapping for MavenProject: pim.hu:IPASS:0.0.1-SNAPSHOT @ C:\Users\pim14\Documents\HBO ICT\Jaar 1\ipass nieuw\workspace\IPASS\pom.xml.
2019-06-29 14:39:10,087 [Worker-29: Creating maven-archetype-quickstart] INFO  o.e.m.j.i.AbstractJavaProjectConfigurator - Adding source folder /IPASS/src/main/java
2019-06-29 14:39:10,113 [Worker-29: Creating maven-archetype-quickstart] INFO  o.e.m.j.i.AbstractJavaProjectConfigurator - Adding source folder /IPASS/src/test/java
2019-06-29 14:39:10,237 [Worker-29: Creating maven-archetype-quickstart] INFO  o.e.m.c.i.p.ProjectConfigurationManager - Imported and configured 1 project(s) in 0 sec
2019-06-29 14:39:10,489 [Worker-29: Building workspace] INFO  o.e.m.c.i.embedder.EclipseLogger - Using 'UTF-8' encoding to copy filtered resources.
2019-06-29 14:39:10,489 [Worker-29: Building workspace] INFO  o.e.m.c.i.embedder.EclipseLogger - skip non existing resourceDirectory C:\Users\pim14\Documents\HBO ICT\Jaar 1\ipass nieuw\workspace\IPASS\src\main\resources
2019-06-29 14:39:10,500 [Worker-29: Building workspace] INFO  o.e.m.c.i.embedder.EclipseLogger - Using 'UTF-8' encoding to copy filtered resources.
2019-06-29 14:39:10,500 [Worker-29: Building workspace] INFO  o.e.m.c.i.embedder.EclipseLogger - skip non existing resourceDirectory C:\Users\pim14\Documents\HBO ICT\Jaar 1\ipass nieuw\workspace\IPASS\src\test\resources
2019-06-29 14:40:09,559 [Worker-23: Building workspace] INFO  o.e.m.c.i.l.LifecycleMappingFactory - Using org.maven.ide.eclipse.wtp.WarLifecycleMapping lifecycle mapping for MavenProject: pim.hu:IPASS:1.0 @ C:\Users\pim14\Documents\HBO ICT\Jaar 1\ipass nieuw\workspace\IPASS\pom.xml.
2019-06-29 14:40:09,856 [Worker-23: Building workspace] INFO  o.e.m.c.i.embedder.EclipseLogger - Using 'UTF-8' encoding to copy filtered resources.
2019-06-29 14:40:09,857 [Worker-23: Building workspace] INFO  o.e.m.c.i.embedder.EclipseLogger - skip non existing resourceDirectory C:\Users\pim14\Documents\HBO ICT\Jaar 1\ipass nieuw\workspace\IPASS\src\main\resources
2019-06-29 14:40:09,857 [Worker-23: Building workspace] INFO  o.e.m.c.i.embedder.EclipseLogger - Using 'UTF-8' encoding to copy filtered resources.
2019-06-29 14:40:09,867 [Worker-23: Building workspace] INFO  o.e.m.c.i.embedder.EclipseLogger - skip non existing resourceDirectory C:\Users\pim14\Documents\HBO ICT\Jaar 1\ipass nieuw\workspace\IPASS\src\test\resources
2019-06-29 14:40:09,875 [Worker-23: Building workspace] INFO  o.e.m.w.i.f.ResourceFilteringBuildParticipant - Changed resources require a complete clean of filtered resources of IPASS
2019-06-29 14:40:09,890 [Worker-23: Building workspace] INFO  o.e.m.w.i.f.ResourceFilteringBuildParticipant - Executing resource filtering for IPASS
2019-06-29 14:40:09,895 [Worker-23: Building workspace] INFO  o.e.m.c.i.embedder.EclipseLogger - Using 'UTF-8' encoding to copy filtered resources.
2019-06-29 14:40:21,954 [Worker-24: Updating Maven Project] INFO  o.e.m.c.i.p.ProjectConfigurationManager - Update started
2019-06-29 14:40:22,080 [Worker-24: Updating Maven Project] INFO  o.e.m.c.i.l.LifecycleMappingFactory - Using org.maven.ide.eclipse.wtp.WarLifecycleMapping lifecycle mapping for MavenProject: pim.hu:IPASS:1.0 @ C:\Users\pim14\Documents\HBO ICT\Jaar 1\ipass nieuw\workspace\IPASS\pom.xml.
2019-06-29 14:40:22,189 [Worker-24: Updating Maven Project] INFO  o.e.m.j.i.AbstractJavaProjectConfigurator - Adding source folder /IPASS/src/main/java
2019-06-29 14:40:22,190 [Worker-24: Updating Maven Project] INFO  o.e.m.j.i.AbstractJavaProjectConfigurator - Adding source folder /IPASS/src/test/java
2019-06-29 14:40:44,560 [Worker-24: Updating Maven Project] INFO  o.e.m.w.i.f.ResourceFilteringBuildParticipant - Cleaning filtered folder for IPASS
2019-06-29 14:40:44,568 [Worker-24: Updating Maven Project] INFO  o.e.m.c.i.p.ProjectConfigurationManager - Update completed: 22 sec
2019-06-29 14:40:44,991 [Worker-30: Building workspace] INFO  o.e.m.c.i.embedder.EclipseLogger - Using 'UTF-8' encoding to copy filtered resources.
2019-06-29 14:40:44,991 [Worker-30: Building workspace] INFO  o.e.m.c.i.embedder.EclipseLogger - skip non existing resourceDirectory C:\Users\pim14\Documents\HBO ICT\Jaar 1\ipass nieuw\workspace\IPASS\src\main\resources
2019-06-29 14:40:45,003 [Worker-30: Building workspace] INFO  o.e.m.c.i.embedder.EclipseLogger - Using 'UTF-8' encoding to copy filtered resources.
2019-06-29 14:40:45,003 [Worker-30: Building workspace] INFO  o.e.m.c.i.embedder.EclipseLogger - skip non existing resourceDirectory C:\Users\pim14\Documents\HBO ICT\Jaar 1\ipass nieuw\workspace\IPASS\src\test\resources
2019-06-29 14:40:45,016 [Worker-30: Building workspace] INFO  o.e.m.w.i.f.ResourceFilteringBuildParticipant - Changed resources require a complete clean of filtered resources of IPASS
2019-06-29 14:40:45,016 [Worker-30: Building workspace] INFO  o.e.m.w.i.f.ResourceFilteringBuildParticipant - Executing resource filtering for IPASS
2019-06-29 14:40:45,034 [Worker-30: Building workspace] INFO  o.e.m.c.i.embedder.EclipseLogger - Using 'UTF-8' encoding to copy filtered resources.
2019-06-29 14:41:09,419 [Worker-23: Building workspace] INFO  o.e.m.c.i.embedder.EclipseLogger - Using 'UTF-8' encoding to copy filtered resources.
2019-06-29 14:41:09,419 [Worker-23: Building workspace] INFO  o.e.m.c.i.embedder.EclipseLogger - skip non existing resourceDirectory C:\Users\pim14\Documents\HBO ICT\Jaar 1\ipass nieuw\workspace\IPASS\src\main\resources
2019-06-29 14:41:09,420 [Worker-23: Building workspace] INFO  o.e.m.c.i.embedder.EclipseLogger - Using 'UTF-8' encoding to copy filtered resources.
2019-06-29 14:41:09,450 [Worker-23: Building workspace] INFO  o.e.m.c.i.embedder.EclipseLogger - skip non existing resourceDirectory C:\Users\pim14\Documents\HBO ICT\Jaar 1\ipass nieuw\workspace\IPASS\src\test\resources
2019-06-29 14:41:26,684 [Worker-30: Building workspace] INFO  o.e.m.c.i.embedder.EclipseLogger - Using 'UTF-8' encoding to copy filtered resources.
2019-06-29 14:41:26,695 [Worker-30: Building workspace] INFO  o.e.m.c.i.embedder.EclipseLogger - skip non existing resourceDirectory C:\Users\pim14\Documents\HBO ICT\Jaar 1\ipass nieuw\workspace\IPASS\src\main\resources
2019-06-29 14:41:26,705 [Worker-30: Building workspace] INFO  o.e.m.c.i.embedder.EclipseLogger - Using 'UTF-8' encoding to copy filtered resources.
2019-06-29 14:41:26,711 [Worker-30: Building workspace] INFO  o.e.m.c.i.embedder.EclipseLogger - skip non existing resourceDirectory C:\Users\pim14\Documents\HBO ICT\Jaar 1\ipass nieuw\workspace\IPASS\src\test\resources
2019-06-29 14:42:20,593 [Worker-30: Building workspace] INFO  o.e.m.c.i.embedder.EclipseLogger - Using 'UTF-8' encoding to copy filtered resources.
2019-06-29 14:42:20,593 [Worker-30: Building workspace] INFO  o.e.m.c.i.embedder.EclipseLogger - skip non existing resourceDirectory C:\Users\pim14\Documents\HBO ICT\Jaar 1\ipass nieuw\workspace\IPASS\src\main\resources
2019-06-29 14:42:20,595 [Worker-30: Building workspace] INFO  o.e.m.c.i.embedder.EclipseLogger - Using 'UTF-8' encoding to copy filtered resources.
2019-06-29 14:42:20,603 [Worker-30: Building workspace] INFO  o.e.m.c.i.embedder.EclipseLogger - skip non existing resourceDirectory C:\Users\pim14\Documents\HBO ICT\Jaar 1\ipass nieuw\workspace\IPASS\src\test\resources
2019-06-29 14:43:39,055 [Worker-32: Building workspace] INFO  o.e.m.c.i.embedder.EclipseLogger - Using 'UTF-8' encoding to copy filtered resources.
2019-06-29 14:43:39,067 [Worker-32: Building workspace] INFO  o.e.m.c.i.embedder.EclipseLogger - skip non existing resourceDirectory C:\Users\pim14\Documents\HBO ICT\Jaar 1\ipass nieuw\workspace\IPASS\src\main\resources
2019-06-29 14:43:39,081 [Worker-32: Building workspace] INFO  o.e.m.c.i.embedder.EclipseLogger - Using 'UTF-8' encoding to copy filtered resources.
2019-06-29 14:43:39,094 [Worker-32: Building workspace] INFO  o.e.m.c.i.embedder.EclipseLogger - skip non existing resourceDirectory C:\Users\pim14\Documents\HBO ICT\Jaar 1\ipass nieuw\workspace\IPASS\src\test\resources
2019-06-29 14:44:09,280 [Worker-32: Building workspace] INFO  o.e.m.c.i.embedder.EclipseLogger - Using 'UTF-8' encoding to copy filtered resources.
2019-06-29 14:44:09,280 [Worker-32: Building workspace] INFO  o.e.m.c.i.embedder.EclipseLogger - skip non existing resourceDirectory C:\Users\pim14\Documents\HBO ICT\Jaar 1\ipass nieuw\workspace\IPASS\src\main\resources
2019-06-29 14:44:09,285 [Worker-32: Building workspace] INFO  o.e.m.c.i.embedder.EclipseLogger - Using 'UTF-8' encoding to copy filtered resources.
2019-06-29 14:44:09,303 [Worker-32: Building workspace] INFO  o.e.m.c.i.embedder.EclipseLogger - skip non existing resourceDirectory C:\Users\pim14\Documents\HBO ICT\Jaar 1\ipass nieuw\workspace\IPASS\src\test\resources
2019-06-29 14:44:12,388 [Worker-23: Building workspace] INFO  o.e.m.c.i.embedder.EclipseLogger - Using 'UTF-8' encoding to copy filtered resources.
2019-06-29 14:44:12,399 [Worker-23: Building workspace] INFO  o.e.m.c.i.embedder.EclipseLogger - skip non existing resourceDirectory C:\Users\pim14\Documents\HBO ICT\Jaar 1\ipass nieuw\workspace\IPASS\src\main\resources
2019-06-29 14:44:12,412 [Worker-23: Building workspace] INFO  o.e.m.c.i.embedder.EclipseLogger - Using 'UTF-8' encoding to copy filtered resources.
2019-06-29 14:44:12,421 [Worker-23: Building workspace] INFO  o.e.m.c.i.embedder.EclipseLogger - skip non existing resourceDirectory C:\Users\pim14\Documents\HBO ICT\Jaar 1\ipass nieuw\workspace\IPASS\src\test\resources
2019-06-29 14:44:12,744 [Worker-23: Building workspace] INFO  o.e.m.c.i.embedder.EclipseLogger - Using 'UTF-8' encoding to copy filtered resources.
2019-06-29 14:44:12,744 [Worker-23: Building workspace] INFO  o.e.m.c.i.embedder.EclipseLogger - skip non existing resourceDirectory C:\Users\pim14\eclipse-workspace\firstapp\src\main\resources
2019-06-29 14:44:12,747 [Worker-23: Building workspace] INFO  o.e.m.c.i.embedder.EclipseLogger - Using 'UTF-8' encoding to copy filtered resources.
2019-06-29 14:44:12,769 [Worker-23: Building workspace] INFO  o.e.m.c.i.embedder.EclipseLogger - skip non existing resourceDirectory C:\Users\pim14\eclipse-workspace\firstapp\src\test\resources
2019-06-29 14:44:55,918 [Worker-23: Building workspace] INFO  o.e.m.c.i.embedder.EclipseLogger - Using 'UTF-8' encoding to copy filtered resources.
2019-06-29 14:44:55,919 [Worker-23: Building workspace] INFO  o.e.m.c.i.embedder.EclipseLogger - skip non existing resourceDirectory C:\Users\pim14\Documents\HBO ICT\Jaar 1\ipass nieuw\workspace\IPASS\src\main\resources
2019-06-29 14:44:55,920 [Worker-23: Building workspace] INFO  o.e.m.c.i.embedder.EclipseLogger - Using 'UTF-8' encoding to copy filtered resources.
2019-06-29 14:44:55,936 [Worker-23: Building workspace] INFO  o.e.m.c.i.embedder.EclipseLogger - skip non existing resourceDirectory C:\Users\pim14\Documents\HBO ICT\Jaar 1\ipass nieuw\workspace\IPASS\src\test\resources
2019-06-29 14:45:47,528 [Worker-24: Building workspace] INFO  o.e.m.c.i.l.LifecycleMappingFactory - Using org.maven.ide.eclipse.wtp.WarLifecycleMapping lifecycle mapping for MavenProject: pim.hu:IPASS:1.0 @ C:\Users\pim14\Documents\HBO ICT\Jaar 1\ipass nieuw\workspace\IPASS\pom.xml.
2019-06-29 14:45:47,678 [Worker-24: Building workspace] INFO  o.e.m.c.i.embedder.EclipseLogger - Using 'UTF-8' encoding to copy filtered resources.
2019-06-29 14:45:47,684 [Worker-24: Building workspace] INFO  o.e.m.c.i.embedder.EclipseLogger - skip non existing resourceDirectory C:\Users\pim14\Documents\HBO ICT\Jaar 1\ipass nieuw\workspace\IPASS\src\main\resources
2019-06-29 14:45:47,691 [Worker-24: Building workspace] INFO  o.e.m.c.i.embedder.EclipseLogger - Using 'UTF-8' encoding to copy filtered resources.
2019-06-29 14:45:47,691 [Worker-24: Building workspace] INFO  o.e.m.c.i.embedder.EclipseLogger - skip non existing resourceDirectory C:\Users\pim14\Documents\HBO ICT\Jaar 1\ipass nieuw\workspace\IPASS\src\test\resources
2019-06-29 14:45:47,698 [Worker-24: Building workspace] INFO  o.e.m.w.i.f.ResourceFilteringBuildParticipant - Changed resources require a complete clean of filtered resources of IPASS
2019-06-29 14:45:47,698 [Worker-24: Building workspace] INFO  o.e.m.w.i.f.ResourceFilteringBuildParticipant - Executing resource filtering for IPASS
2019-06-29 14:45:47,719 [Worker-24: Building workspace] INFO  o.e.m.c.i.embedder.EclipseLogger - Using 'UTF-8' encoding to copy filtered resources.
2019-06-29 14:45:48,870 [Worker-26: Building workspace] INFO  o.e.m.c.i.embedder.EclipseLogger - Using 'UTF-8' encoding to copy filtered resources.
2019-06-29 14:45:48,871 [Worker-26: Building workspace] INFO  o.e.m.c.i.embedder.EclipseLogger - skip non existing resourceDirectory C:\Users\pim14\Documents\HBO ICT\Jaar 1\ipass nieuw\workspace\IPASS\src\main\resources
2019-06-29 14:45:48,872 [Worker-26: Building workspace] INFO  o.e.m.c.i.embedder.EclipseLogger - Using 'UTF-8' encoding to copy filtered resources.
2019-06-29 14:45:48,885 [Worker-26: Building workspace] INFO  o.e.m.c.i.embedder.EclipseLogger - skip non existing resourceDirectory C:\Users\pim14\Documents\HBO ICT\Jaar 1\ipass nieuw\workspace\IPASS\src\test\resources
2019-06-29 14:48:01,077 [Worker-32: Building workspace] INFO  o.e.m.c.i.embedder.EclipseLogger - Using 'UTF-8' encoding to copy filtered resources.
2019-06-29 14:48:01,085 [Worker-32: Building workspace] INFO  o.e.m.c.i.embedder.EclipseLogger - skip non existing resourceDirectory C:\Users\pim14\Documents\HBO ICT\Jaar 1\ipass nieuw\workspace\IPASS\src\main\resources
2019-06-29 14:48:01,093 [Worker-32: Building workspace] INFO  o.e.m.c.i.embedder.EclipseLogger - Using 'UTF-8' encoding to copy filtered resources.
2019-06-29 14:48:01,100 [Worker-32: Building workspace] INFO  o.e.m.c.i.embedder.EclipseLogger - skip non existing resourceDirectory C:\Users\pim14\Documents\HBO ICT\Jaar 1\ipass nieuw\workspace\IPASS\src\test\resources
2019-06-29 14:50:40,540 [Worker-34: Building workspace] INFO  o.e.m.c.i.embedder.EclipseLogger - Using 'UTF-8' encoding to copy filtered resources.
2019-06-29 14:50:40,541 [Worker-34: Building workspace] INFO  o.e.m.c.i.embedder.EclipseLogger - skip non existing resourceDirectory C:\Users\pim14\Documents\HBO ICT\Jaar 1\ipass nieuw\workspace\IPASS\src\main\resources
2019-06-29 14:50:40,542 [Worker-34: Building workspace] INFO  o.e.m.c.i.embedder.EclipseLogger - Using 'UTF-8' encoding to copy filtered resources.
2019-06-29 14:50:40,550 [Worker-34: Building workspace] INFO  o.e.m.c.i.embedder.EclipseLogger - skip non existing resourceDirectory C:\Users\pim14\Documents\HBO ICT\Jaar 1\ipass nieuw\workspace\IPASS\src\test\resources
2019-06-29 14:53:30,536 [Worker-34: Creating maven-archetype-quickstart] INFO  o.e.m.c.i.p.ProjectConfigurationManager - Collecting project info '/pom.xml' C:\Users\pim14\Documents\HBO ICT\Jaar 1\ipass nieuw\workspace\IPASS\pom.xml
2019-06-29 14:53:30,996 [Worker-34: Creating maven-archetype-quickstart] INFO  o.e.m.c.i.l.LifecycleMappingFactory - Using org.eclipse.m2e.jdt.JarLifecycleMapping lifecycle mapping for MavenProject: pim.hu:IPASS:0.0.1-SNAPSHOT @ C:\Users\pim14\Documents\HBO ICT\Jaar 1\ipass nieuw\workspace\IPASS\pom.xml.
2019-06-29 14:53:31,552 [Worker-34: Creating maven-archetype-quickstart] INFO  o.e.m.j.i.AbstractJavaProjectConfigurator - Adding source folder /IPASS/src/main/java
2019-06-29 14:53:31,575 [Worker-34: Creating maven-archetype-quickstart] INFO  o.e.m.j.i.AbstractJavaProjectConfigurator - Adding source folder /IPASS/src/test/java
2019-06-29 14:53:31,718 [Worker-34: Creating maven-archetype-quickstart] INFO  o.e.m.c.i.p.ProjectConfigurationManager - Imported and configured 1 project(s) in 1 sec
2019-06-29 14:53:32,075 [Worker-34: Building workspace] INFO  o.e.m.c.i.embedder.EclipseLogger - Using 'UTF-8' encoding to copy filtered resources.
2019-06-29 14:53:32,075 [Worker-34: Building workspace] INFO  o.e.m.c.i.embedder.EclipseLogger - skip non existing resourceDirectory C:\Users\pim14\Documents\HBO ICT\Jaar 1\ipass nieuw\workspace\IPASS\src\main\resources
2019-06-29 14:53:32,091 [Worker-34: Building workspace] INFO  o.e.m.c.i.embedder.EclipseLogger - Using 'UTF-8' encoding to copy filtered resources.
2019-06-29 14:53:32,091 [Worker-34: Building workspace] INFO  o.e.m.c.i.embedder.EclipseLogger - skip non existing resourceDirectory C:\Users\pim14\Documents\HBO ICT\Jaar 1\ipass nieuw\workspace\IPASS\src\test\resources
2019-06-29 14:54:23,970 [Worker-32: Building workspace] INFO  o.e.m.c.i.l.LifecycleMappingFactory - Using org.maven.ide.eclipse.wtp.WarLifecycleMapping lifecycle mapping for MavenProject: pim.hu:IPASS:1.0 @ C:\Users\pim14\Documents\HBO ICT\Jaar 1\ipass nieuw\workspace\IPASS\pom.xml.
2019-06-29 14:54:24,142 [Worker-32: Building workspace] INFO  o.e.m.c.i.embedder.EclipseLogger - Using 'UTF-8' encoding to copy filtered resources.
2019-06-29 14:54:24,151 [Worker-32: Building workspace] INFO  o.e.m.c.i.embedder.EclipseLogger - skip non existing resourceDirectory C:\Users\pim14\Documents\HBO ICT\Jaar 1\ipass nieuw\workspace\IPASS\src\main\resources
2019-06-29 14:54:24,159 [Worker-32: Building workspace] INFO  o.e.m.c.i.embedder.EclipseLogger - Using 'UTF-8' encoding to copy filtered resources.
2019-06-29 14:54:24,167 [Worker-32: Building workspace] INFO  o.e.m.c.i.embedder.EclipseLogger - skip non existing resourceDirectory C:\Users\pim14\Documents\HBO ICT\Jaar 1\ipass nieuw\workspace\IPASS\src\test\resources
2019-06-29 14:54:24,167 [Worker-32: Building workspace] INFO  o.e.m.w.i.f.ResourceFilteringBuildParticipant - Changed resources require a complete clean of filtered resources of IPASS
2019-06-29 14:54:24,174 [Worker-32: Building workspace] INFO  o.e.m.w.i.f.ResourceFilteringBuildParticipant - Executing resource filtering for IPASS
2019-06-29 14:54:24,179 [Worker-32: Building workspace] INFO  o.e.m.c.i.embedder.EclipseLogger - Using 'UTF-8' encoding to copy filtered resources.
2019-06-29 14:55:46,417 [Worker-34: Updating Maven Project] INFO  o.e.m.c.i.p.ProjectConfigurationManager - Update started
2019-06-29 14:55:46,541 [Worker-34: Updating Maven Project] INFO  o.e.m.c.i.l.LifecycleMappingFactory - Using org.maven.ide.eclipse.wtp.WarLifecycleMapping lifecycle mapping for MavenProject: pim.hu:IPASS:1.0 @ C:\Users\pim14\Documents\HBO ICT\Jaar 1\ipass nieuw\workspace\IPASS\pom.xml.
2019-06-29 14:55:46,630 [Worker-34: Updating Maven Project] INFO  o.e.m.j.i.AbstractJavaProjectConfigurator - Adding source folder /IPASS/src/main/java
2019-06-29 14:55:46,630 [Worker-34: Updating Maven Project] INFO  o.e.m.j.i.AbstractJavaProjectConfigurator - Adding source folder /IPASS/src/test/java
2019-06-29 14:56:03,339 [Worker-34: Updating Maven Project] INFO  o.e.m.w.i.f.ResourceFilteringBuildParticipant - Cleaning filtered folder for IPASS
2019-06-29 14:56:03,350 [Worker-34: Updating Maven Project] INFO  o.e.m.c.i.p.ProjectConfigurationManager - Update completed: 16 sec
2019-06-29 14:56:03,634 [Worker-34: Building workspace] INFO  o.e.m.c.i.embedder.EclipseLogger - Using 'UTF-8' encoding to copy filtered resources.
2019-06-29 14:56:03,634 [Worker-34: Building workspace] INFO  o.e.m.c.i.embedder.EclipseLogger - skip non existing resourceDirectory C:\Users\pim14\Documents\HBO ICT\Jaar 1\ipass nieuw\workspace\IPASS\src\main\resources
2019-06-29 14:56:03,667 [Worker-34: Building workspace] INFO  o.e.m.c.i.embedder.EclipseLogger - Using 'UTF-8' encoding to copy filtered resources.
2019-06-29 14:56:03,667 [Worker-34: Building workspace] INFO  o.e.m.c.i.embedder.EclipseLogger - skip non existing resourceDirectory C:\Users\pim14\Documents\HBO ICT\Jaar 1\ipass nieuw\workspace\IPASS\src\test\resources
2019-06-29 14:56:03,691 [Worker-34: Building workspace] INFO  o.e.m.w.i.f.ResourceFilteringBuildParticipant - Changed resources require a complete clean of filtered resources of IPASS
2019-06-29 14:56:03,692 [Worker-34: Building workspace] INFO  o.e.m.w.i.f.ResourceFilteringBuildParticipant - Executing resource filtering for IPASS
2019-06-29 14:56:03,697 [Worker-34: Building workspace] INFO  o.e.m.c.i.embedder.EclipseLogger - Using 'UTF-8' encoding to copy filtered resources.
2019-06-29 14:59:15,706 [Worker-32: Building workspace] INFO  o.e.m.c.i.embedder.EclipseLogger - Using 'UTF-8' encoding to copy filtered resources.
2019-06-29 14:59:15,728 [Worker-32: Building workspace] INFO  o.e.m.c.i.embedder.EclipseLogger - skip non existing resourceDirectory C:\Users\pim14\Documents\HBO ICT\Jaar 1\ipass nieuw\workspace\IPASS\src\main\resources
2019-06-29 14:59:15,742 [Worker-32: Building workspace] INFO  o.e.m.c.i.embedder.EclipseLogger - Using 'UTF-8' encoding to copy filtered resources.
2019-06-29 14:59:15,756 [Worker-32: Building workspace] INFO  o.e.m.c.i.embedder.EclipseLogger - skip non existing resourceDirectory C:\Users\pim14\Documents\HBO ICT\Jaar 1\ipass nieuw\workspace\IPASS\src\test\resources
2019-06-29 14:59:30,039 [Worker-34: Building workspace] INFO  o.e.m.c.i.embedder.EclipseLogger - Using 'UTF-8' encoding to copy filtered resources.
2019-06-29 14:59:30,062 [Worker-34: Building workspace] INFO  o.e.m.c.i.embedder.EclipseLogger - skip non existing resourceDirectory C:\Users\pim14\Documents\HBO ICT\Jaar 1\ipass nieuw\workspace\IPASS\src\main\resources
2019-06-29 14:59:30,084 [Worker-34: Building workspace] INFO  o.e.m.c.i.embedder.EclipseLogger - Using 'UTF-8' encoding to copy filtered resources.
2019-06-29 14:59:30,123 [Worker-34: Building workspace] INFO  o.e.m.c.i.embedder.EclipseLogger - skip non existing resourceDirectory C:\Users\pim14\Documents\HBO ICT\Jaar 1\ipass nieuw\workspace\IPASS\src\test\resources
2019-06-29 14:59:48,570 [Worker-37: Building workspace] INFO  o.e.m.c.i.embedder.EclipseLogger - Using 'UTF-8' encoding to copy filtered resources.
2019-06-29 14:59:48,578 [Worker-37: Building workspace] INFO  o.e.m.c.i.embedder.EclipseLogger - skip non existing resourceDirectory C:\Users\pim14\Documents\HBO ICT\Jaar 1\ipass nieuw\workspace\IPASS\src\main\resources
2019-06-29 14:59:48,586 [Worker-37: Building workspace] INFO  o.e.m.c.i.embedder.EclipseLogger - Using 'UTF-8' encoding to copy filtered resources.
2019-06-29 14:59:48,594 [Worker-37: Building workspace] INFO  o.e.m.c.i.embedder.EclipseLogger - skip non existing resourceDirectory C:\Users\pim14\Documents\HBO ICT\Jaar 1\ipass nieuw\workspace\IPASS\src\test\resources
2019-06-29 14:59:54,516 [Worker-34: Building workspace] INFO  o.e.m.c.i.embedder.EclipseLogger - Using 'UTF-8' encoding to copy filtered resources.
2019-06-29 14:59:54,524 [Worker-34: Building workspace] INFO  o.e.m.c.i.embedder.EclipseLogger - skip non existing resourceDirectory C:\Users\pim14\Documents\HBO ICT\Jaar 1\ipass nieuw\workspace\IPASS\src\main\resources
2019-06-29 14:59:54,531 [Worker-34: Building workspace] INFO  o.e.m.c.i.embedder.EclipseLogger - Using 'UTF-8' encoding to copy filtered resources.
2019-06-29 14:59:54,538 [Worker-34: Building workspace] INFO  o.e.m.c.i.embedder.EclipseLogger - skip non existing resourceDirectory C:\Users\pim14\Documents\HBO ICT\Jaar 1\ipass nieuw\workspace\IPASS\src\test\resources
2019-06-29 15:01:31,891 [Worker-34: Building workspace] INFO  o.e.m.c.i.embedder.EclipseLogger - Using 'UTF-8' encoding to copy filtered resources.
2019-06-29 15:01:31,909 [Worker-34: Building workspace] INFO  o.e.m.c.i.embedder.EclipseLogger - skip non existing resourceDirectory C:\Users\pim14\Documents\HBO ICT\Jaar 1\ipass nieuw\workspace\IPASS\src\main\resources
2019-06-29 15:01:31,924 [Worker-34: Building workspace] INFO  o.e.m.c.i.embedder.EclipseLogger - Using 'UTF-8' encoding to copy filtered resources.
2019-06-29 15:01:31,934 [Worker-34: Building workspace] INFO  o.e.m.c.i.embedder.EclipseLogger - skip non existing resourceDirectory C:\Users\pim14\Documents\HBO ICT\Jaar 1\ipass nieuw\workspace\IPASS\src\test\resources
2019-06-29 15:01:43,275 [Worker-39: Building workspace] INFO  o.e.m.c.i.embedder.EclipseLogger - Using 'UTF-8' encoding to copy filtered resources.
2019-06-29 15:01:43,282 [Worker-39: Building workspace] INFO  o.e.m.c.i.embedder.EclipseLogger - skip non existing resourceDirectory C:\Users\pim14\Documents\HBO ICT\Jaar 1\ipass nieuw\workspace\IPASS\src\main\resources
2019-06-29 15:01:43,291 [Worker-39: Building workspace] INFO  o.e.m.c.i.embedder.EclipseLogger - Using 'UTF-8' encoding to copy filtered resources.
2019-06-29 15:01:43,299 [Worker-39: Building workspace] INFO  o.e.m.c.i.embedder.EclipseLogger - skip non existing resourceDirectory C:\Users\pim14\Documents\HBO ICT\Jaar 1\ipass nieuw\workspace\IPASS\src\test\resources
2019-06-29 15:02:48,716 [Worker-34: Building workspace] INFO  o.e.m.c.i.embedder.EclipseLogger - Using 'UTF-8' encoding to copy filtered resources.
2019-06-29 15:02:48,731 [Worker-34: Building workspace] INFO  o.e.m.c.i.embedder.EclipseLogger - skip non existing resourceDirectory C:\Users\pim14\Documents\HBO ICT\Jaar 1\ipass nieuw\workspace\IPASS\src\main\resources
2019-06-29 15:02:48,748 [Worker-34: Building workspace] INFO  o.e.m.c.i.embedder.EclipseLogger - Using 'UTF-8' encoding to copy filtered resources.
2019-06-29 15:02:48,764 [Worker-34: Building workspace] INFO  o.e.m.c.i.embedder.EclipseLogger - skip non existing resourceDirectory C:\Users\pim14\Documents\HBO ICT\Jaar 1\ipass nieuw\workspace\IPASS\src\test\resources
2019-06-29 15:03:08,931 [Worker-41: Building workspace] INFO  o.e.m.c.i.embedder.EclipseLogger - Using 'UTF-8' encoding to copy filtered resources.
2019-06-29 15:03:08,941 [Worker-41: Building workspace] INFO  o.e.m.c.i.embedder.EclipseLogger - skip non existing resourceDirectory C:\Users\pim14\Documents\HBO ICT\Jaar 1\ipass nieuw\workspace\IPASS\src\main\resources
2019-06-29 15:03:08,951 [Worker-41: Building workspace] INFO  o.e.m.c.i.embedder.EclipseLogger - Using 'UTF-8' encoding to copy filtered resources.
2019-06-29 15:03:08,961 [Worker-41: Building workspace] INFO  o.e.m.c.i.embedder.EclipseLogger - skip non existing resourceDirectory C:\Users\pim14\Documents\HBO ICT\Jaar 1\ipass nieuw\workspace\IPASS\src\test\resources
2019-06-29 15:03:18,644 [Worker-32: Building workspace] INFO  o.e.m.c.i.embedder.EclipseLogger - Using 'UTF-8' encoding to copy filtered resources.
2019-06-29 15:03:18,657 [Worker-32: Building workspace] INFO  o.e.m.c.i.embedder.EclipseLogger - skip non existing resourceDirectory C:\Users\pim14\Documents\HBO ICT\Jaar 1\ipass nieuw\workspace\IPASS\src\main\resources
2019-06-29 15:03:18,669 [Worker-32: Building workspace] INFO  o.e.m.c.i.embedder.EclipseLogger - Using 'UTF-8' encoding to copy filtered resources.
2019-06-29 15:03:18,680 [Worker-32: Building workspace] INFO  o.e.m.c.i.embedder.EclipseLogger - skip non existing resourceDirectory C:\Users\pim14\Documents\HBO ICT\Jaar 1\ipass nieuw\workspace\IPASS\src\test\resources
2019-06-29 15:04:04,511 [Worker-32: Building workspace] INFO  o.e.m.c.i.l.LifecycleMappingFactory - Using org.maven.ide.eclipse.wtp.WarLifecycleMapping lifecycle mapping for MavenProject: pim.hu:IPASS:1.0 @ C:\Users\pim14\Documents\HBO ICT\Jaar 1\ipass nieuw\workspace\IPASS\pom.xml.
2019-06-29 15:04:04,639 [Worker-32: Building workspace] INFO  o.e.m.c.i.embedder.EclipseLogger - Using 'UTF-8' encoding to copy filtered resources.
2019-06-29 15:04:04,647 [Worker-32: Building workspace] INFO  o.e.m.c.i.embedder.EclipseLogger - skip non existing resourceDirectory C:\Users\pim14\Documents\HBO ICT\Jaar 1\ipass nieuw\workspace\IPASS\src\main\resources
2019-06-29 15:04:04,656 [Worker-32: Building workspace] INFO  o.e.m.c.i.embedder.EclipseLogger - Using 'UTF-8' encoding to copy filtered resources.
2019-06-29 15:04:04,657 [Worker-32: Building workspace] INFO  o.e.m.c.i.embedder.EclipseLogger - skip non existing resourceDirectory C:\Users\pim14\Documents\HBO ICT\Jaar 1\ipass nieuw\workspace\IPASS\src\test\resources
2019-06-29 15:04:04,666 [Worker-32: Building workspace] INFO  o.e.m.w.i.f.ResourceFilteringBuildParticipant - Changed resources require a complete clean of filtered resources of IPASS
2019-06-29 15:04:04,667 [Worker-32: Building workspace] INFO  o.e.m.w.i.f.ResourceFilteringBuildParticipant - Executing resource filtering for IPASS
2019-06-29 15:04:04,676 [Worker-32: Building workspace] INFO  o.e.m.c.i.embedder.EclipseLogger - Using 'UTF-8' encoding to copy filtered resources.
2019-06-29 15:04:05,827 [Worker-41: Building workspace] INFO  o.e.m.c.i.embedder.EclipseLogger - Using 'UTF-8' encoding to copy filtered resources.
2019-06-29 15:04:05,844 [Worker-41: Building workspace] INFO  o.e.m.c.i.embedder.EclipseLogger - skip non existing resourceDirectory C:\Users\pim14\Documents\HBO ICT\Jaar 1\ipass nieuw\workspace\IPASS\src\main\resources
2019-06-29 15:04:05,860 [Worker-41: Building workspace] INFO  o.e.m.c.i.embedder.EclipseLogger - Using 'UTF-8' encoding to copy filtered resources.
2019-06-29 15:04:05,873 [Worker-41: Building workspace] INFO  o.e.m.c.i.embedder.EclipseLogger - skip non existing resourceDirectory C:\Users\pim14\Documents\HBO ICT\Jaar 1\ipass nieuw\workspace\IPASS\src\test\resources
2019-06-29 15:04:19,995 [Worker-41: Building workspace] INFO  o.e.m.c.i.embedder.EclipseLogger - Using 'UTF-8' encoding to copy filtered resources.
2019-06-29 15:04:20,005 [Worker-41: Building workspace] INFO  o.e.m.c.i.embedder.EclipseLogger - skip non existing resourceDirectory C:\Users\pim14\Documents\HBO ICT\Jaar 1\ipass nieuw\workspace\IPASS\src\main\resources
2019-06-29 15:04:20,016 [Worker-41: Building workspace] INFO  o.e.m.c.i.embedder.EclipseLogger - Using 'UTF-8' encoding to copy filtered resources.
2019-06-29 15:04:20,025 [Worker-41: Building workspace] INFO  o.e.m.c.i.embedder.EclipseLogger - skip non existing resourceDirectory C:\Users\pim14\Documents\HBO ICT\Jaar 1\ipass nieuw\workspace\IPASS\src\test\resources
2019-06-29 15:04:27,894 [Worker-32: Building workspace] INFO  o.e.m.c.i.embedder.EclipseLogger - Using 'UTF-8' encoding to copy filtered resources.
2019-06-29 15:04:27,902 [Worker-32: Building workspace] INFO  o.e.m.c.i.embedder.EclipseLogger - skip non existing resourceDirectory C:\Users\pim14\Documents\HBO ICT\Jaar 1\ipass nieuw\workspace\IPASS\src\main\resources
2019-06-29 15:04:27,910 [Worker-32: Building workspace] INFO  o.e.m.c.i.embedder.EclipseLogger - Using 'UTF-8' encoding to copy filtered resources.
2019-06-29 15:04:27,923 [Worker-32: Building workspace] INFO  o.e.m.c.i.embedder.EclipseLogger - skip non existing resourceDirectory C:\Users\pim14\Documents\HBO ICT\Jaar 1\ipass nieuw\workspace\IPASS\src\test\resources
2019-06-29 15:07:03,868 [Worker-44: Building workspace] INFO  o.e.m.c.i.embedder.EclipseLogger - Using 'UTF-8' encoding to copy filtered resources.
2019-06-29 15:07:03,878 [Worker-44: Building workspace] INFO  o.e.m.c.i.embedder.EclipseLogger - skip non existing resourceDirectory C:\Users\pim14\Documents\HBO ICT\Jaar 1\ipass nieuw\workspace\IPASS\src\main\resources
2019-06-29 15:07:03,889 [Worker-44: Building workspace] INFO  o.e.m.c.i.embedder.EclipseLogger - Using 'UTF-8' encoding to copy filtered resources.
2019-06-29 15:07:03,899 [Worker-44: Building workspace] INFO  o.e.m.c.i.embedder.EclipseLogger - skip non existing resourceDirectory C:\Users\pim14\Documents\HBO ICT\Jaar 1\ipass nieuw\workspace\IPASS\src\test\resources
2019-06-29 15:07:46,036 [Worker-32: Building workspace] INFO  o.e.m.c.i.embedder.EclipseLogger - Using 'UTF-8' encoding to copy filtered resources.
2019-06-29 15:07:46,057 [Worker-32: Building workspace] INFO  o.e.m.c.i.embedder.EclipseLogger - skip non existing resourceDirectory C:\Users\pim14\Documents\HBO ICT\Jaar 1\ipass nieuw\workspace\IPASS\src\main\resources
2019-06-29 15:07:46,076 [Worker-32: Building workspace] INFO  o.e.m.c.i.embedder.EclipseLogger - Using 'UTF-8' encoding to copy filtered resources.
2019-06-29 15:07:46,095 [Worker-32: Building workspace] INFO  o.e.m.c.i.embedder.EclipseLogger - skip non existing resourceDirectory C:\Users\pim14\Documents\HBO ICT\Jaar 1\ipass nieuw\workspace\IPASS\src\test\resources
2019-06-29 15:07:58,653 [Worker-32: Building workspace] INFO  o.e.m.c.i.embedder.EclipseLogger - Using 'UTF-8' encoding to copy filtered resources.
2019-06-29 15:07:58,677 [Worker-32: Building workspace] INFO  o.e.m.c.i.embedder.EclipseLogger - skip non existing resourceDirectory C:\Users\pim14\Documents\HBO ICT\Jaar 1\ipass nieuw\workspace\IPASS\src\main\resources
2019-06-29 15:07:58,698 [Worker-32: Building workspace] INFO  o.e.m.c.i.embedder.EclipseLogger - Using 'UTF-8' encoding to copy filtered resources.
2019-06-29 15:07:58,709 [Worker-32: Building workspace] INFO  o.e.m.c.i.embedder.EclipseLogger - skip non existing resourceDirectory C:\Users\pim14\Documents\HBO ICT\Jaar 1\ipass nieuw\workspace\IPASS\src\test\resources
2019-06-29 15:08:28,678 [Worker-41: Building workspace] INFO  o.e.m.c.i.embedder.EclipseLogger - Using 'UTF-8' encoding to copy filtered resources.
2019-06-29 15:08:28,700 [Worker-41: Building workspace] INFO  o.e.m.c.i.embedder.EclipseLogger - skip non existing resourceDirectory C:\Users\pim14\Documents\HBO ICT\Jaar 1\ipass nieuw\workspace\IPASS\src\main\resources
2019-06-29 15:08:28,717 [Worker-41: Building workspace] INFO  o.e.m.c.i.embedder.EclipseLogger - Using 'UTF-8' encoding to copy filtered resources.
2019-06-29 15:08:28,728 [Worker-41: Building workspace] INFO  o.e.m.c.i.embedder.EclipseLogger - skip non existing resourceDirectory C:\Users\pim14\Documents\HBO ICT\Jaar 1\ipass nieuw\workspace\IPASS\src\test\resources
2019-06-29 15:08:50,759 [Worker-32: Building workspace] INFO  o.e.m.c.i.embedder.EclipseLogger - Using 'UTF-8' encoding to copy filtered resources.
2019-06-29 15:08:50,773 [Worker-32: Building workspace] INFO  o.e.m.c.i.embedder.EclipseLogger - skip non existing resourceDirectory C:\Users\pim14\Documents\HBO ICT\Jaar 1\ipass nieuw\workspace\IPASS\src\main\resources
2019-06-29 15:08:50,786 [Worker-32: Building workspace] INFO  o.e.m.c.i.embedder.EclipseLogger - Using 'UTF-8' encoding to copy filtered resources.
2019-06-29 15:08:50,799 [Worker-32: Building workspace] INFO  o.e.m.c.i.embedder.EclipseLogger - skip non existing resourceDirectory C:\Users\pim14\Documents\HBO ICT\Jaar 1\ipass nieuw\workspace\IPASS\src\test\resources
2019-06-29 15:09:18,762 [Worker-44: Building workspace] INFO  o.e.m.c.i.embedder.EclipseLogger - Using 'UTF-8' encoding to copy filtered resources.
2019-06-29 15:09:18,795 [Worker-44: Building workspace] INFO  o.e.m.c.i.embedder.EclipseLogger - skip non existing resourceDirectory C:\Users\pim14\Documents\HBO ICT\Jaar 1\ipass nieuw\workspace\IPASS\src\main\resources
2019-06-29 15:09:18,823 [Worker-44: Building workspace] INFO  o.e.m.c.i.embedder.EclipseLogger - Using 'UTF-8' encoding to copy filtered resources.
2019-06-29 15:09:18,838 [Worker-44: Building workspace] INFO  o.e.m.c.i.embedder.EclipseLogger - skip non existing resourceDirectory C:\Users\pim14\Documents\HBO ICT\Jaar 1\ipass nieuw\workspace\IPASS\src\test\resources
2019-06-29 15:10:28,125 [Worker-41: Building workspace] INFO  o.e.m.c.i.l.LifecycleMappingFactory - Using org.maven.ide.eclipse.wtp.WarLifecycleMapping lifecycle mapping for MavenProject: pim.hu:IPASS:1.0 @ C:\Users\pim14\Documents\HBO ICT\Jaar 1\ipass nieuw\workspace\IPASS\pom.xml.
2019-06-29 15:10:28,289 [Worker-41: Building workspace] INFO  o.e.m.c.i.e.AbstractTransferListenerAdapter - Downloading https://repo.maven.apache.org/maven2/org/glassfish/jersey/containers/jersey-container-servlet/2.26/jersey-container-servlet-2.26.pom
2019-06-29 15:10:28,357 [Worker-41: Building workspace] INFO  o.e.m.c.i.e.AbstractTransferListenerAdapter - Downloaded https://repo.maven.apache.org/maven2/org/glassfish/jersey/containers/jersey-container-servlet/2.26/jersey-container-servlet-2.26.pom
2019-06-29 15:10:28,403 [Worker-41: Building workspace] INFO  o.e.m.c.i.e.AbstractTransferListenerAdapter - Downloading https://repo.maven.apache.org/maven2/org/glassfish/jersey/containers/project/2.26/project-2.26.pom
2019-06-29 15:10:28,519 [Worker-41: Building workspace] INFO  o.e.m.c.i.e.AbstractTransferListenerAdapter - Downloaded https://repo.maven.apache.org/maven2/org/glassfish/jersey/containers/project/2.26/project-2.26.pom
2019-06-29 15:10:28,565 [Worker-41: Building workspace] INFO  o.e.m.c.i.e.AbstractTransferListenerAdapter - Downloading https://repo.maven.apache.org/maven2/org/glassfish/jersey/project/2.26/project-2.26.pom
2019-06-29 15:10:28,653 [Worker-41: Building workspace] INFO  o.e.m.c.i.e.AbstractTransferListenerAdapter - Downloaded https://repo.maven.apache.org/maven2/org/glassfish/jersey/project/2.26/project-2.26.pom
2019-06-29 15:10:28,699 [Worker-41: Building workspace] INFO  o.e.m.c.i.e.AbstractTransferListenerAdapter - Downloading https://repo.maven.apache.org/maven2/net/java/jvnet-parent/4/jvnet-parent-4.pom
2019-06-29 15:10:28,746 [Worker-41: Building workspace] INFO  o.e.m.c.i.e.AbstractTransferListenerAdapter - Downloaded https://repo.maven.apache.org/maven2/net/java/jvnet-parent/4/jvnet-parent-4.pom
2019-06-29 15:10:28,816 [Worker-41: Building workspace] INFO  o.e.m.c.i.e.AbstractTransferListenerAdapter - Downloading https://repo.maven.apache.org/maven2/org/glassfish/hk2/hk2-bom/2.5.0-b42/hk2-bom-2.5.0-b42.pom
2019-06-29 15:10:28,880 [Worker-41: Building workspace] INFO  o.e.m.c.i.e.AbstractTransferListenerAdapter - Downloaded https://repo.maven.apache.org/maven2/org/glassfish/hk2/hk2-bom/2.5.0-b42/hk2-bom-2.5.0-b42.pom
2019-06-29 15:10:28,922 [Worker-41: Building workspace] INFO  o.e.m.c.i.e.AbstractTransferListenerAdapter - Downloading https://repo.maven.apache.org/maven2/net/java/jvnet-parent/5/jvnet-parent-5.pom
2019-06-29 15:10:28,957 [Worker-41: Building workspace] INFO  o.e.m.c.i.e.AbstractTransferListenerAdapter - Downloaded https://repo.maven.apache.org/maven2/net/java/jvnet-parent/5/jvnet-parent-5.pom
2019-06-29 15:10:29,008 [Worker-41: Building workspace] INFO  o.e.m.c.i.e.AbstractTransferListenerAdapter - Downloading https://repo.maven.apache.org/maven2/org/glassfish/jersey/containers/jersey-container-servlet-core/2.26/jersey-container-servlet-core-2.26.pom
2019-06-29 15:10:29,042 [Worker-41: Building workspace] INFO  o.e.m.c.i.e.AbstractTransferListenerAdapter - Downloaded https://repo.maven.apache.org/maven2/org/glassfish/jersey/containers/jersey-container-servlet-core/2.26/jersey-container-servlet-core-2.26.pom
2019-06-29 15:10:29,088 [Worker-41: Building workspace] INFO  o.e.m.c.i.e.AbstractTransferListenerAdapter - Downloading https://repo.maven.apache.org/maven2/org/glassfish/hk2/external/javax.inject/2.5.0-b42/javax.inject-2.5.0-b42.pom
2019-06-29 15:10:29,131 [Worker-41: Building workspace] INFO  o.e.m.c.i.e.AbstractTransferListenerAdapter - Downloaded https://repo.maven.apache.org/maven2/org/glassfish/hk2/external/javax.inject/2.5.0-b42/javax.inject-2.5.0-b42.pom
2019-06-29 15:10:29,180 [Worker-41: Building workspace] INFO  o.e.m.c.i.e.AbstractTransferListenerAdapter - Downloading https://repo.maven.apache.org/maven2/org/glassfish/hk2/external/2.5.0-b42/external-2.5.0-b42.pom
2019-06-29 15:10:29,214 [Worker-41: Building workspace] INFO  o.e.m.c.i.e.AbstractTransferListenerAdapter - Downloaded https://repo.maven.apache.org/maven2/org/glassfish/hk2/external/2.5.0-b42/external-2.5.0-b42.pom
2019-06-29 15:10:29,250 [Worker-41: Building workspace] INFO  o.e.m.c.i.e.AbstractTransferListenerAdapter - Downloading https://repo.maven.apache.org/maven2/org/glassfish/hk2/hk2-parent/2.5.0-b42/hk2-parent-2.5.0-b42.pom
2019-06-29 15:10:29,312 [Worker-41: Building workspace] INFO  o.e.m.c.i.e.AbstractTransferListenerAdapter - Downloaded https://repo.maven.apache.org/maven2/org/glassfish/hk2/hk2-parent/2.5.0-b42/hk2-parent-2.5.0-b42.pom
2019-06-29 15:10:29,368 [Worker-41: Building workspace] INFO  o.e.m.c.i.e.AbstractTransferListenerAdapter - Downloading https://repo.maven.apache.org/maven2/org/glassfish/jersey/core/jersey-common/2.26/jersey-common-2.26.pom
2019-06-29 15:10:29,400 [Worker-41: Building workspace] INFO  o.e.m.c.i.e.AbstractTransferListenerAdapter - Downloaded https://repo.maven.apache.org/maven2/org/glassfish/jersey/core/jersey-common/2.26/jersey-common-2.26.pom
2019-06-29 15:10:29,448 [Worker-41: Building workspace] INFO  o.e.m.c.i.e.AbstractTransferListenerAdapter - Downloading https://repo.maven.apache.org/maven2/javax/ws/rs/javax.ws.rs-api/2.1/javax.ws.rs-api-2.1.pom
2019-06-29 15:10:29,488 [Worker-41: Building workspace] INFO  o.e.m.c.i.e.AbstractTransferListenerAdapter - Downloaded https://repo.maven.apache.org/maven2/javax/ws/rs/javax.ws.rs-api/2.1/javax.ws.rs-api-2.1.pom
2019-06-29 15:10:29,550 [Worker-41: Building workspace] INFO  o.e.m.c.i.e.AbstractTransferListenerAdapter - Downloading https://repo.maven.apache.org/maven2/javax/annotation/javax.annotation-api/1.2/javax.annotation-api-1.2.pom
2019-06-29 15:10:29,606 [Worker-41: Building workspace] INFO  o.e.m.c.i.e.AbstractTransferListenerAdapter - Downloaded https://repo.maven.apache.org/maven2/javax/annotation/javax.annotation-api/1.2/javax.annotation-api-1.2.pom
2019-06-29 15:10:29,645 [Worker-41: Building workspace] INFO  o.e.m.c.i.e.AbstractTransferListenerAdapter - Downloading https://repo.maven.apache.org/maven2/org/glassfish/hk2/osgi-resource-locator/1.0.1/osgi-resource-locator-1.0.1.pom
2019-06-29 15:10:29,684 [Worker-41: Building workspace] INFO  o.e.m.c.i.e.AbstractTransferListenerAdapter - Downloaded https://repo.maven.apache.org/maven2/org/glassfish/hk2/osgi-resource-locator/1.0.1/osgi-resource-locator-1.0.1.pom
2019-06-29 15:10:29,735 [Worker-41: Building workspace] INFO  o.e.m.c.i.e.AbstractTransferListenerAdapter - Downloading https://repo.maven.apache.org/maven2/org/glassfish/pom/8/pom-8.pom
2019-06-29 15:10:29,777 [Worker-41: Building workspace] INFO  o.e.m.c.i.e.AbstractTransferListenerAdapter - Downloaded https://repo.maven.apache.org/maven2/org/glassfish/pom/8/pom-8.pom
2019-06-29 15:10:29,820 [Worker-41: Building workspace] INFO  o.e.m.c.i.e.AbstractTransferListenerAdapter - Downloading https://repo.maven.apache.org/maven2/org/glassfish/jersey/core/jersey-server/2.26/jersey-server-2.26.pom
2019-06-29 15:10:29,862 [Worker-41: Building workspace] INFO  o.e.m.c.i.e.AbstractTransferListenerAdapter - Downloaded https://repo.maven.apache.org/maven2/org/glassfish/jersey/core/jersey-server/2.26/jersey-server-2.26.pom
2019-06-29 15:10:29,916 [Worker-41: Building workspace] INFO  o.e.m.c.i.e.AbstractTransferListenerAdapter - Downloading https://repo.maven.apache.org/maven2/org/glassfish/jersey/core/jersey-client/2.26/jersey-client-2.26.pom
2019-06-29 15:10:29,958 [Worker-41: Building workspace] INFO  o.e.m.c.i.e.AbstractTransferListenerAdapter - Downloaded https://repo.maven.apache.org/maven2/org/glassfish/jersey/core/jersey-client/2.26/jersey-client-2.26.pom
2019-06-29 15:10:30,003 [Worker-41: Building workspace] INFO  o.e.m.c.i.e.AbstractTransferListenerAdapter - Downloading https://repo.maven.apache.org/maven2/org/glassfish/jersey/media/jersey-media-jaxb/2.26/jersey-media-jaxb-2.26.pom
2019-06-29 15:10:30,047 [Worker-41: Building workspace] INFO  o.e.m.c.i.e.AbstractTransferListenerAdapter - Downloaded https://repo.maven.apache.org/maven2/org/glassfish/jersey/media/jersey-media-jaxb/2.26/jersey-media-jaxb-2.26.pom
2019-06-29 15:10:30,132 [Worker-41: Building workspace] INFO  o.e.m.c.i.e.AbstractTransferListenerAdapter - Downloading https://repo.maven.apache.org/maven2/org/glassfish/jersey/media/project/2.26/project-2.26.pom
2019-06-29 15:10:30,185 [Worker-41: Building workspace] INFO  o.e.m.c.i.e.AbstractTransferListenerAdapter - Downloaded https://repo.maven.apache.org/maven2/org/glassfish/jersey/media/project/2.26/project-2.26.pom
2019-06-29 15:10:30,241 [Worker-41: Building workspace] INFO  o.e.m.c.i.e.AbstractTransferListenerAdapter - Downloading https://repo.maven.apache.org/maven2/javax/validation/validation-api/1.1.0.Final/validation-api-1.1.0.Final.pom
2019-06-29 15:10:30,295 [Worker-41: Building workspace] INFO  o.e.m.c.i.e.AbstractTransferListenerAdapter - Downloaded https://repo.maven.apache.org/maven2/javax/validation/validation-api/1.1.0.Final/validation-api-1.1.0.Final.pom
2019-06-29 15:10:30,369 [Worker-41: Building workspace] INFO  o.e.m.c.i.e.AbstractTransferListenerAdapter - Downloading https://repo.maven.apache.org/maven2/org/glassfish/jersey/inject/jersey-hk2/2.26/jersey-hk2-2.26.pom
2019-06-29 15:10:30,421 [Worker-41: Building workspace] INFO  o.e.m.c.i.e.AbstractTransferListenerAdapter - Downloaded https://repo.maven.apache.org/maven2/org/glassfish/jersey/inject/jersey-hk2/2.26/jersey-hk2-2.26.pom
2019-06-29 15:10:30,457 [Worker-41: Building workspace] INFO  o.e.m.c.i.e.AbstractTransferListenerAdapter - Downloading https://repo.maven.apache.org/maven2/org/glassfish/jersey/inject/project/2.26/project-2.26.pom
2019-06-29 15:10:30,491 [Worker-41: Building workspace] INFO  o.e.m.c.i.e.AbstractTransferListenerAdapter - Downloaded https://repo.maven.apache.org/maven2/org/glassfish/jersey/inject/project/2.26/project-2.26.pom
2019-06-29 15:10:30,537 [Worker-41: Building workspace] INFO  o.e.m.c.i.e.AbstractTransferListenerAdapter - Downloading https://repo.maven.apache.org/maven2/org/glassfish/hk2/hk2-locator/2.5.0-b42/hk2-locator-2.5.0-b42.pom
2019-06-29 15:10:30,582 [Worker-41: Building workspace] INFO  o.e.m.c.i.e.AbstractTransferListenerAdapter - Downloaded https://repo.maven.apache.org/maven2/org/glassfish/hk2/hk2-locator/2.5.0-b42/hk2-locator-2.5.0-b42.pom
2019-06-29 15:10:30,625 [Worker-41: Building workspace] INFO  o.e.m.c.i.e.AbstractTransferListenerAdapter - Downloading https://repo.maven.apache.org/maven2/org/glassfish/hk2/external/aopalliance-repackaged/2.5.0-b42/aopalliance-repackaged-2.5.0-b42.pom
2019-06-29 15:10:30,667 [Worker-41: Building workspace] INFO  o.e.m.c.i.e.AbstractTransferListenerAdapter - Downloaded https://repo.maven.apache.org/maven2/org/glassfish/hk2/external/aopalliance-repackaged/2.5.0-b42/aopalliance-repackaged-2.5.0-b42.pom
2019-06-29 15:10:30,717 [Worker-41: Building workspace] INFO  o.e.m.c.i.e.AbstractTransferListenerAdapter - Downloading https://repo.maven.apache.org/maven2/org/glassfish/hk2/hk2-api/2.5.0-b42/hk2-api-2.5.0-b42.pom
2019-06-29 15:10:30,755 [Worker-41: Building workspace] INFO  o.e.m.c.i.e.AbstractTransferListenerAdapter - Downloaded https://repo.maven.apache.org/maven2/org/glassfish/hk2/hk2-api/2.5.0-b42/hk2-api-2.5.0-b42.pom
2019-06-29 15:10:30,795 [Worker-41: Building workspace] INFO  o.e.m.c.i.e.AbstractTransferListenerAdapter - Downloading https://repo.maven.apache.org/maven2/javax/inject/javax.inject/1/javax.inject-1.pom
2019-06-29 15:10:30,834 [Worker-41: Building workspace] INFO  o.e.m.c.i.e.AbstractTransferListenerAdapter - Downloaded https://repo.maven.apache.org/maven2/javax/inject/javax.inject/1/javax.inject-1.pom
2019-06-29 15:10:30,890 [Worker-41: Building workspace] INFO  o.e.m.c.i.e.AbstractTransferListenerAdapter - Downloading https://repo.maven.apache.org/maven2/org/glassfish/hk2/hk2-utils/2.5.0-b42/hk2-utils-2.5.0-b42.pom
2019-06-29 15:10:30,929 [Worker-41: Building workspace] INFO  o.e.m.c.i.e.AbstractTransferListenerAdapter - Downloaded https://repo.maven.apache.org/maven2/org/glassfish/hk2/hk2-utils/2.5.0-b42/hk2-utils-2.5.0-b42.pom
2019-06-29 15:10:30,979 [Worker-41: Building workspace] INFO  o.e.m.c.i.e.AbstractTransferListenerAdapter - Downloading https://repo.maven.apache.org/maven2/org/javassist/javassist/3.22.0-CR2/javassist-3.22.0-CR2.pom
2019-06-29 15:10:31,025 [Worker-41: Building workspace] INFO  o.e.m.c.i.e.AbstractTransferListenerAdapter - Downloaded https://repo.maven.apache.org/maven2/org/javassist/javassist/3.22.0-CR2/javassist-3.22.0-CR2.pom
2019-06-29 15:10:31,078 [Worker-41: Building workspace] INFO  o.e.m.c.i.e.AbstractTransferListenerAdapter - Downloading https://repo.maven.apache.org/maven2/javax/xml/bind/jaxb-api/2.2.11/jaxb-api-2.2.11.pom
2019-06-29 15:10:31,142 [Worker-41: Building workspace] INFO  o.e.m.c.i.e.AbstractTransferListenerAdapter - Downloaded https://repo.maven.apache.org/maven2/javax/xml/bind/jaxb-api/2.2.11/jaxb-api-2.2.11.pom
2019-06-29 15:10:31,185 [Worker-41: Building workspace] INFO  o.e.m.c.i.e.AbstractTransferListenerAdapter - Downloading https://repo.maven.apache.org/maven2/javax/activation/activation/1.1.1/activation-1.1.1.pom
2019-06-29 15:10:31,225 [Worker-41: Building workspace] INFO  o.e.m.c.i.e.AbstractTransferListenerAdapter - Downloaded https://repo.maven.apache.org/maven2/javax/activation/activation/1.1.1/activation-1.1.1.pom
2019-06-29 15:10:31,295 [Worker-41: Building workspace] INFO  o.e.m.c.i.e.AbstractTransferListenerAdapter - Downloading https://repo.maven.apache.org/maven2/org/glassfish/jersey/containers/jersey-container-servlet/2.26/jersey-container-servlet-2.26.jar
2019-06-29 15:10:31,587 [Worker-41: Building workspace] INFO  o.e.m.c.i.e.AbstractTransferListenerAdapter - Downloaded https://repo.maven.apache.org/maven2/org/glassfish/jersey/containers/jersey-container-servlet/2.26/jersey-container-servlet-2.26.jar
2019-06-29 15:10:31,604 [Worker-41: Building workspace] INFO  o.e.m.c.i.e.AbstractTransferListenerAdapter - Downloading https://repo.maven.apache.org/maven2/org/glassfish/jersey/containers/jersey-container-servlet-core/2.26/jersey-container-servlet-core-2.26.jar
2019-06-29 15:10:31,930 [Worker-41: Building workspace] INFO  o.e.m.c.i.e.AbstractTransferListenerAdapter - Downloaded https://repo.maven.apache.org/maven2/org/glassfish/jersey/containers/jersey-container-servlet-core/2.26/jersey-container-servlet-core-2.26.jar
2019-06-29 15:10:31,970 [Worker-41: Building workspace] INFO  o.e.m.c.i.e.AbstractTransferListenerAdapter - Downloading https://repo.maven.apache.org/maven2/org/glassfish/hk2/external/javax.inject/2.5.0-b42/javax.inject-2.5.0-b42.jar
2019-06-29 15:10:32,099 [Worker-41: Building workspace] INFO  o.e.m.c.i.e.AbstractTransferListenerAdapter - Downloaded https://repo.maven.apache.org/maven2/org/glassfish/hk2/external/javax.inject/2.5.0-b42/javax.inject-2.5.0-b42.jar
2019-06-29 15:10:32,149 [Worker-41: Building workspace] INFO  o.e.m.c.i.e.AbstractTransferListenerAdapter - Downloading https://repo.maven.apache.org/maven2/org/glassfish/jersey/core/jersey-common/2.26/jersey-common-2.26.jar
2019-06-29 15:10:32,937 [Worker-41: Building workspace] INFO  o.e.m.c.i.e.AbstractTransferListenerAdapter - Downloaded https://repo.maven.apache.org/maven2/org/glassfish/jersey/core/jersey-common/2.26/jersey-common-2.26.jar
2019-06-29 15:10:32,972 [Worker-41: Building workspace] INFO  o.e.m.c.i.e.AbstractTransferListenerAdapter - Downloading https://repo.maven.apache.org/maven2/javax/annotation/javax.annotation-api/1.2/javax.annotation-api-1.2.jar
2019-06-29 15:10:33,022 [Worker-41: Building workspace] INFO  o.e.m.c.i.e.AbstractTransferListenerAdapter - Downloaded https://repo.maven.apache.org/maven2/javax/annotation/javax.annotation-api/1.2/javax.annotation-api-1.2.jar
2019-06-29 15:10:33,078 [Worker-41: Building workspace] INFO  o.e.m.c.i.e.AbstractTransferListenerAdapter - Downloading https://repo.maven.apache.org/maven2/org/glassfish/hk2/osgi-resource-locator/1.0.1/osgi-resource-locator-1.0.1.jar
2019-06-29 15:10:33,136 [Worker-41: Building workspace] INFO  o.e.m.c.i.e.AbstractTransferListenerAdapter - Downloaded https://repo.maven.apache.org/maven2/org/glassfish/hk2/osgi-resource-locator/1.0.1/osgi-resource-locator-1.0.1.jar
2019-06-29 15:10:33,180 [Worker-41: Building workspace] INFO  o.e.m.c.i.e.AbstractTransferListenerAdapter - Downloading https://repo.maven.apache.org/maven2/org/glassfish/jersey/core/jersey-server/2.26/jersey-server-2.26.jar
2019-06-29 15:10:33,811 [Worker-41: Building workspace] INFO  o.e.m.c.i.e.AbstractTransferListenerAdapter - Downloaded https://repo.maven.apache.org/maven2/org/glassfish/jersey/core/jersey-server/2.26/jersey-server-2.26.jar
2019-06-29 15:10:33,836 [Worker-41: Building workspace] INFO  o.e.m.c.i.e.AbstractTransferListenerAdapter - Downloading https://repo.maven.apache.org/maven2/org/glassfish/jersey/core/jersey-client/2.26/jersey-client-2.26.jar
2019-06-29 15:10:34,711 [Worker-41: Building workspace] INFO  o.e.m.c.i.e.AbstractTransferListenerAdapter - Downloaded https://repo.maven.apache.org/maven2/org/glassfish/jersey/core/jersey-client/2.26/jersey-client-2.26.jar
2019-06-29 15:10:34,748 [Worker-41: Building workspace] INFO  o.e.m.c.i.e.AbstractTransferListenerAdapter - Downloading https://repo.maven.apache.org/maven2/org/glassfish/jersey/media/jersey-media-jaxb/2.26/jersey-media-jaxb-2.26.jar
2019-06-29 15:10:35,116 [Worker-41: Building workspace] INFO  o.e.m.c.i.e.AbstractTransferListenerAdapter - Downloaded https://repo.maven.apache.org/maven2/org/glassfish/jersey/media/jersey-media-jaxb/2.26/jersey-media-jaxb-2.26.jar
2019-06-29 15:10:35,146 [Worker-41: Building workspace] INFO  o.e.m.c.i.e.AbstractTransferListenerAdapter - Downloading https://repo.maven.apache.org/maven2/javax/validation/validation-api/1.1.0.Final/validation-api-1.1.0.Final.jar
2019-06-29 15:10:35,220 [Worker-41: Building workspace] INFO  o.e.m.c.i.e.AbstractTransferListenerAdapter - Downloaded https://repo.maven.apache.org/maven2/javax/validation/validation-api/1.1.0.Final/validation-api-1.1.0.Final.jar
2019-06-29 15:10:35,257 [Worker-41: Building workspace] INFO  o.e.m.c.i.e.AbstractTransferListenerAdapter - Downloading https://repo.maven.apache.org/maven2/javax/ws/rs/javax.ws.rs-api/2.1/javax.ws.rs-api-2.1.jar
2019-06-29 15:10:35,772 [Worker-41: Building workspace] INFO  o.e.m.c.i.e.AbstractTransferListenerAdapter - Downloaded https://repo.maven.apache.org/maven2/javax/ws/rs/javax.ws.rs-api/2.1/javax.ws.rs-api-2.1.jar
2019-06-29 15:10:35,814 [Worker-41: Building workspace] INFO  o.e.m.c.i.e.AbstractTransferListenerAdapter - Downloading https://repo.maven.apache.org/maven2/org/glassfish/jersey/inject/jersey-hk2/2.26/jersey-hk2-2.26.jar
2019-06-29 15:10:36,179 [Worker-41: Building workspace] INFO  o.e.m.c.i.e.AbstractTransferListenerAdapter - Downloaded https://repo.maven.apache.org/maven2/org/glassfish/jersey/inject/jersey-hk2/2.26/jersey-hk2-2.26.jar
2019-06-29 15:10:36,227 [Worker-41: Building workspace] INFO  o.e.m.c.i.e.AbstractTransferListenerAdapter - Downloading https://repo.maven.apache.org/maven2/org/glassfish/hk2/hk2-locator/2.5.0-b42/hk2-locator-2.5.0-b42.jar
2019-06-29 15:10:37,267 [Worker-41: Building workspace] INFO  o.e.m.c.i.e.AbstractTransferListenerAdapter - Downloaded https://repo.maven.apache.org/maven2/org/glassfish/hk2/hk2-locator/2.5.0-b42/hk2-locator-2.5.0-b42.jar
2019-06-29 15:10:37,299 [Worker-41: Building workspace] INFO  o.e.m.c.i.e.AbstractTransferListenerAdapter - Downloading https://repo.maven.apache.org/maven2/org/glassfish/hk2/external/aopalliance-repackaged/2.5.0-b42/aopalliance-repackaged-2.5.0-b42.jar
2019-06-29 15:10:37,774 [Worker-41: Building workspace] INFO  o.e.m.c.i.e.AbstractTransferListenerAdapter - Downloaded https://repo.maven.apache.org/maven2/org/glassfish/hk2/external/aopalliance-repackaged/2.5.0-b42/aopalliance-repackaged-2.5.0-b42.jar
2019-06-29 15:10:37,815 [Worker-41: Building workspace] INFO  o.e.m.c.i.e.AbstractTransferListenerAdapter - Downloading https://repo.maven.apache.org/maven2/org/glassfish/hk2/hk2-api/2.5.0-b42/hk2-api-2.5.0-b42.jar
2019-06-29 15:10:38,718 [Worker-41: Building workspace] INFO  o.e.m.c.i.e.AbstractTransferListenerAdapter - Downloaded https://repo.maven.apache.org/maven2/org/glassfish/hk2/hk2-api/2.5.0-b42/hk2-api-2.5.0-b42.jar
2019-06-29 15:10:38,744 [Worker-41: Building workspace] INFO  o.e.m.c.i.e.AbstractTransferListenerAdapter - Downloading https://repo.maven.apache.org/maven2/javax/inject/javax.inject/1/javax.inject-1.jar
2019-06-29 15:10:38,790 [Worker-41: Building workspace] INFO  o.e.m.c.i.e.AbstractTransferListenerAdapter - Downloaded https://repo.maven.apache.org/maven2/javax/inject/javax.inject/1/javax.inject-1.jar
2019-06-29 15:10:38,823 [Worker-41: Building workspace] INFO  o.e.m.c.i.e.AbstractTransferListenerAdapter - Downloading https://repo.maven.apache.org/maven2/org/glassfish/hk2/hk2-utils/2.5.0-b42/hk2-utils-2.5.0-b42.jar
2019-06-29 15:10:39,357 [Worker-41: Building workspace] INFO  o.e.m.c.i.e.AbstractTransferListenerAdapter - Downloaded https://repo.maven.apache.org/maven2/org/glassfish/hk2/hk2-utils/2.5.0-b42/hk2-utils-2.5.0-b42.jar
2019-06-29 15:10:39,389 [Worker-41: Building workspace] INFO  o.e.m.c.i.e.AbstractTransferListenerAdapter - Downloading https://repo.maven.apache.org/maven2/org/javassist/javassist/3.22.0-CR2/javassist-3.22.0-CR2.jar
2019-06-29 15:10:39,879 [Worker-41: Building workspace] INFO  o.e.m.c.i.e.AbstractTransferListenerAdapter - Downloaded https://repo.maven.apache.org/maven2/org/javassist/javassist/3.22.0-CR2/javassist-3.22.0-CR2.jar
2019-06-29 15:10:39,916 [Worker-41: Building workspace] INFO  o.e.m.c.i.e.AbstractTransferListenerAdapter - Downloading https://repo.maven.apache.org/maven2/javax/xml/bind/jaxb-api/2.2.11/jaxb-api-2.2.11.jar
2019-06-29 15:10:40,347 [Worker-41: Building workspace] INFO  o.e.m.c.i.e.AbstractTransferListenerAdapter - Downloaded https://repo.maven.apache.org/maven2/javax/xml/bind/jaxb-api/2.2.11/jaxb-api-2.2.11.jar
2019-06-29 15:10:40,386 [Worker-41: Building workspace] INFO  o.e.m.c.i.e.AbstractTransferListenerAdapter - Downloading https://repo.maven.apache.org/maven2/javax/activation/activation/1.1.1/activation-1.1.1.jar
2019-06-29 15:10:40,449 [Worker-41: Building workspace] INFO  o.e.m.c.i.e.AbstractTransferListenerAdapter - Downloaded https://repo.maven.apache.org/maven2/javax/activation/activation/1.1.1/activation-1.1.1.jar
2019-06-29 15:10:43,952 [Worker-41: Building workspace] INFO  o.e.m.c.i.embedder.EclipseLogger - Using 'UTF-8' encoding to copy filtered resources.
2019-06-29 15:10:43,952 [Worker-41: Building workspace] INFO  o.e.m.c.i.embedder.EclipseLogger - skip non existing resourceDirectory C:\Users\pim14\Documents\HBO ICT\Jaar 1\ipass nieuw\workspace\IPASS\src\main\resources
2019-06-29 15:10:43,962 [Worker-41: Building workspace] INFO  o.e.m.c.i.embedder.EclipseLogger - Using 'UTF-8' encoding to copy filtered resources.
2019-06-29 15:10:43,972 [Worker-41: Building workspace] INFO  o.e.m.c.i.embedder.EclipseLogger - skip non existing resourceDirectory C:\Users\pim14\Documents\HBO ICT\Jaar 1\ipass nieuw\workspace\IPASS\src\test\resources
2019-06-29 15:10:43,983 [Worker-41: Building workspace] INFO  o.e.m.w.i.f.ResourceFilteringBuildParticipant - Changed resources require a complete clean of filtered resources of IPASS
2019-06-29 15:10:43,983 [Worker-41: Building workspace] INFO  o.e.m.w.i.f.ResourceFilteringBuildParticipant - Executing resource filtering for IPASS
2019-06-29 15:10:43,997 [Worker-41: Building workspace] INFO  o.e.m.c.i.embedder.EclipseLogger - Using 'UTF-8' encoding to copy filtered resources.
2019-06-29 15:10:45,140 [Worker-41: Building workspace] INFO  o.e.m.c.i.embedder.EclipseLogger - Using 'UTF-8' encoding to copy filtered resources.
2019-06-29 15:10:45,156 [Worker-41: Building workspace] INFO  o.e.m.c.i.embedder.EclipseLogger - skip non existing resourceDirectory C:\Users\pim14\Documents\HBO ICT\Jaar 1\ipass nieuw\workspace\IPASS\src\main\resources
2019-06-29 15:10:45,168 [Worker-41: Building workspace] INFO  o.e.m.c.i.embedder.EclipseLogger - Using 'UTF-8' encoding to copy filtered resources.
2019-06-29 15:10:45,181 [Worker-41: Building workspace] INFO  o.e.m.c.i.embedder.EclipseLogger - skip non existing resourceDirectory C:\Users\pim14\Documents\HBO ICT\Jaar 1\ipass nieuw\workspace\IPASS\src\test\resources
2019-06-29 15:10:45,204 [Worker-43: Download sources and javadoc] INFO  o.e.m.c.i.e.AbstractTransferListenerAdapter - Downloading https://repo.maven.apache.org/maven2/org/glassfish/jersey/containers/jersey-container-servlet/2.26/jersey-container-servlet-2.26-sources.jar
2019-06-29 15:10:45,546 [Worker-43: Download sources and javadoc] INFO  o.e.m.c.i.e.AbstractTransferListenerAdapter - Downloaded https://repo.maven.apache.org/maven2/org/glassfish/jersey/containers/jersey-container-servlet/2.26/jersey-container-servlet-2.26-sources.jar
2019-06-29 15:10:45,850 [Worker-43: Download sources and javadoc] INFO  o.e.m.j.internal.DownloadSourcesJob - Downloaded sources for org.glassfish.jersey.containers:jersey-container-servlet:2.26
2019-06-29 15:10:45,874 [Worker-43: Download sources and javadoc] INFO  o.e.m.c.i.e.AbstractTransferListenerAdapter - Downloading https://repo.maven.apache.org/maven2/org/glassfish/jersey/containers/jersey-container-servlet-core/2.26/jersey-container-servlet-core-2.26-sources.jar
2019-06-29 15:10:45,963 [Worker-43: Download sources and javadoc] INFO  o.e.m.c.i.e.AbstractTransferListenerAdapter - Downloaded https://repo.maven.apache.org/maven2/org/glassfish/jersey/containers/jersey-container-servlet-core/2.26/jersey-container-servlet-core-2.26-sources.jar
2019-06-29 15:10:46,121 [Worker-43: Download sources and javadoc] INFO  o.e.m.j.internal.DownloadSourcesJob - Downloaded sources for org.glassfish.jersey.containers:jersey-container-servlet-core:2.26
2019-06-29 15:10:46,139 [Worker-43: Download sources and javadoc] INFO  o.e.m.c.i.e.AbstractTransferListenerAdapter - Downloading https://repo.maven.apache.org/maven2/org/glassfish/hk2/external/javax.inject/2.5.0-b42/javax.inject-2.5.0-b42-sources.jar
2019-06-29 15:10:46,263 [Worker-43: Download sources and javadoc] INFO  o.e.m.c.i.e.AbstractTransferListenerAdapter - Downloaded https://repo.maven.apache.org/maven2/org/glassfish/hk2/external/javax.inject/2.5.0-b42/javax.inject-2.5.0-b42-sources.jar
2019-06-29 15:10:46,483 [Worker-43: Download sources and javadoc] INFO  o.e.m.j.internal.DownloadSourcesJob - Downloaded sources for org.glassfish.hk2.external:javax.inject:2.5.0-b42
2019-06-29 15:10:46,525 [Worker-43: Download sources and javadoc] INFO  o.e.m.c.i.e.AbstractTransferListenerAdapter - Downloading https://repo.maven.apache.org/maven2/org/glassfish/jersey/core/jersey-common/2.26/jersey-common-2.26-sources.jar
2019-06-29 15:10:47,129 [Worker-43: Download sources and javadoc] INFO  o.e.m.c.i.e.AbstractTransferListenerAdapter - Downloaded https://repo.maven.apache.org/maven2/org/glassfish/jersey/core/jersey-common/2.26/jersey-common-2.26-sources.jar
2019-06-29 15:10:47,327 [Worker-43: Download sources and javadoc] INFO  o.e.m.j.internal.DownloadSourcesJob - Downloaded sources for org.glassfish.jersey.core:jersey-common:2.26
2019-06-29 15:10:47,362 [Worker-43: Download sources and javadoc] INFO  o.e.m.c.i.e.AbstractTransferListenerAdapter - Downloading https://repo.maven.apache.org/maven2/javax/annotation/javax.annotation-api/1.2/javax.annotation-api-1.2-sources.jar
2019-06-29 15:10:47,669 [Worker-43: Download sources and javadoc] INFO  o.e.m.c.i.e.AbstractTransferListenerAdapter - Downloaded https://repo.maven.apache.org/maven2/javax/annotation/javax.annotation-api/1.2/javax.annotation-api-1.2-sources.jar
2019-06-29 15:10:47,963 [Worker-43: Download sources and javadoc] INFO  o.e.m.j.internal.DownloadSourcesJob - Downloaded sources for javax.annotation:javax.annotation-api:1.2
2019-06-29 15:10:48,005 [Worker-43: Download sources and javadoc] INFO  o.e.m.c.i.e.AbstractTransferListenerAdapter - Downloading https://repo.maven.apache.org/maven2/org/glassfish/hk2/osgi-resource-locator/1.0.1/osgi-resource-locator-1.0.1-sources.jar
2019-06-29 15:10:48,157 [Worker-43: Download sources and javadoc] INFO  o.e.m.c.i.e.AbstractTransferListenerAdapter - Downloaded https://repo.maven.apache.org/maven2/org/glassfish/hk2/osgi-resource-locator/1.0.1/osgi-resource-locator-1.0.1-sources.jar
2019-06-29 15:10:48,352 [Worker-43: Download sources and javadoc] INFO  o.e.m.j.internal.DownloadSourcesJob - Downloaded sources for org.glassfish.hk2:osgi-resource-locator:1.0.1
2019-06-29 15:10:48,402 [Worker-43: Download sources and javadoc] INFO  o.e.m.c.i.e.AbstractTransferListenerAdapter - Downloading https://repo.maven.apache.org/maven2/org/glassfish/jersey/core/jersey-server/2.26/jersey-server-2.26-sources.jar
2019-06-29 15:10:48,980 [Worker-43: Download sources and javadoc] INFO  o.e.m.c.i.e.AbstractTransferListenerAdapter - Downloaded https://repo.maven.apache.org/maven2/org/glassfish/jersey/core/jersey-server/2.26/jersey-server-2.26-sources.jar
2019-06-29 15:10:49,118 [Worker-43: Download sources and javadoc] INFO  o.e.m.j.internal.DownloadSourcesJob - Downloaded sources for org.glassfish.jersey.core:jersey-server:2.26
2019-06-29 15:10:49,143 [Worker-43: Download sources and javadoc] INFO  o.e.m.c.i.e.AbstractTransferListenerAdapter - Downloading https://repo.maven.apache.org/maven2/org/glassfish/jersey/core/jersey-client/2.26/jersey-client-2.26-sources.jar
2019-06-29 15:10:49,277 [Worker-43: Download sources and javadoc] INFO  o.e.m.c.i.e.AbstractTransferListenerAdapter - Downloaded https://repo.maven.apache.org/maven2/org/glassfish/jersey/core/jersey-client/2.26/jersey-client-2.26-sources.jar
2019-06-29 15:10:49,451 [Worker-43: Download sources and javadoc] INFO  o.e.m.j.internal.DownloadSourcesJob - Downloaded sources for org.glassfish.jersey.core:jersey-client:2.26
2019-06-29 15:10:49,513 [Worker-43: Download sources and javadoc] INFO  o.e.m.c.i.e.AbstractTransferListenerAdapter - Downloading https://repo.maven.apache.org/maven2/org/glassfish/jersey/media/jersey-media-jaxb/2.26/jersey-media-jaxb-2.26-sources.jar
2019-06-29 15:10:49,673 [Worker-43: Download sources and javadoc] INFO  o.e.m.c.i.e.AbstractTransferListenerAdapter - Downloaded https://repo.maven.apache.org/maven2/org/glassfish/jersey/media/jersey-media-jaxb/2.26/jersey-media-jaxb-2.26-sources.jar
2019-06-29 15:10:49,824 [Worker-43: Download sources and javadoc] INFO  o.e.m.j.internal.DownloadSourcesJob - Downloaded sources for org.glassfish.jersey.media:jersey-media-jaxb:2.26
2019-06-29 15:10:49,863 [Worker-43: Download sources and javadoc] INFO  o.e.m.c.i.e.AbstractTransferListenerAdapter - Downloading https://repo.maven.apache.org/maven2/javax/validation/validation-api/1.1.0.Final/validation-api-1.1.0.Final-sources.jar
2019-06-29 15:10:49,950 [Worker-43: Download sources and javadoc] INFO  o.e.m.c.i.e.AbstractTransferListenerAdapter - Downloaded https://repo.maven.apache.org/maven2/javax/validation/validation-api/1.1.0.Final/validation-api-1.1.0.Final-sources.jar
2019-06-29 15:10:50,124 [Worker-43: Download sources and javadoc] INFO  o.e.m.j.internal.DownloadSourcesJob - Downloaded sources for javax.validation:validation-api:1.1.0.Final
2019-06-29 15:10:50,156 [Worker-43: Download sources and javadoc] INFO  o.e.m.c.i.e.AbstractTransferListenerAdapter - Downloading https://repo.maven.apache.org/maven2/javax/ws/rs/javax.ws.rs-api/2.1/javax.ws.rs-api-2.1-sources.jar
2019-06-29 15:10:50,359 [Worker-43: Download sources and javadoc] INFO  o.e.m.c.i.e.AbstractTransferListenerAdapter - Downloaded https://repo.maven.apache.org/maven2/javax/ws/rs/javax.ws.rs-api/2.1/javax.ws.rs-api-2.1-sources.jar
2019-06-29 15:10:50,487 [Worker-43: Download sources and javadoc] INFO  o.e.m.j.internal.DownloadSourcesJob - Downloaded sources for javax.ws.rs:javax.ws.rs-api:2.1
2019-06-29 15:10:50,521 [Worker-43: Download sources and javadoc] INFO  o.e.m.c.i.e.AbstractTransferListenerAdapter - Downloading https://repo.maven.apache.org/maven2/org/glassfish/jersey/inject/jersey-hk2/2.26/jersey-hk2-2.26-sources.jar
2019-06-29 15:10:50,881 [Worker-43: Download sources and javadoc] INFO  o.e.m.c.i.e.AbstractTransferListenerAdapter - Downloaded https://repo.maven.apache.org/maven2/org/glassfish/jersey/inject/jersey-hk2/2.26/jersey-hk2-2.26-sources.jar
2019-06-29 15:10:51,076 [Worker-43: Download sources and javadoc] INFO  o.e.m.j.internal.DownloadSourcesJob - Downloaded sources for org.glassfish.jersey.inject:jersey-hk2:2.26
2019-06-29 15:10:51,102 [Worker-43: Download sources and javadoc] INFO  o.e.m.c.i.e.AbstractTransferListenerAdapter - Downloading https://repo.maven.apache.org/maven2/org/glassfish/hk2/hk2-locator/2.5.0-b42/hk2-locator-2.5.0-b42-sources.jar
2019-06-29 15:10:51,212 [Worker-43: Download sources and javadoc] INFO  o.e.m.c.i.e.AbstractTransferListenerAdapter - Downloaded https://repo.maven.apache.org/maven2/org/glassfish/hk2/hk2-locator/2.5.0-b42/hk2-locator-2.5.0-b42-sources.jar
2019-06-29 15:10:51,440 [Worker-43: Download sources and javadoc] INFO  o.e.m.j.internal.DownloadSourcesJob - Downloaded sources for org.glassfish.hk2:hk2-locator:2.5.0-b42
2019-06-29 15:10:51,479 [Worker-43: Download sources and javadoc] INFO  o.e.m.c.i.e.AbstractTransferListenerAdapter - Downloading https://repo.maven.apache.org/maven2/org/glassfish/hk2/external/aopalliance-repackaged/2.5.0-b42/aopalliance-repackaged-2.5.0-b42-sources.jar
2019-06-29 15:10:51,801 [Worker-43: Download sources and javadoc] INFO  o.e.m.c.i.e.AbstractTransferListenerAdapter - Downloaded https://repo.maven.apache.org/maven2/org/glassfish/hk2/external/aopalliance-repackaged/2.5.0-b42/aopalliance-repackaged-2.5.0-b42-sources.jar
2019-06-29 15:10:52,364 [Worker-43: Download sources and javadoc] INFO  o.e.m.j.internal.DownloadSourcesJob - Downloaded sources for org.glassfish.hk2.external:aopalliance-repackaged:2.5.0-b42
2019-06-29 15:10:52,393 [Worker-43: Download sources and javadoc] INFO  o.e.m.c.i.e.AbstractTransferListenerAdapter - Downloading https://repo.maven.apache.org/maven2/org/glassfish/hk2/hk2-api/2.5.0-b42/hk2-api-2.5.0-b42-sources.jar
2019-06-29 15:10:52,591 [Worker-43: Download sources and javadoc] INFO  o.e.m.c.i.e.AbstractTransferListenerAdapter - Downloaded https://repo.maven.apache.org/maven2/org/glassfish/hk2/hk2-api/2.5.0-b42/hk2-api-2.5.0-b42-sources.jar
2019-06-29 15:10:52,802 [Worker-43: Download sources and javadoc] INFO  o.e.m.j.internal.DownloadSourcesJob - Downloaded sources for org.glassfish.hk2:hk2-api:2.5.0-b42
2019-06-29 15:10:52,845 [Worker-43: Download sources and javadoc] INFO  o.e.m.c.i.e.AbstractTransferListenerAdapter - Downloading https://repo.maven.apache.org/maven2/javax/inject/javax.inject/1/javax.inject-1-sources.jar
2019-06-29 15:10:52,942 [Worker-43: Download sources and javadoc] INFO  o.e.m.c.i.e.AbstractTransferListenerAdapter - Downloaded https://repo.maven.apache.org/maven2/javax/inject/javax.inject/1/javax.inject-1-sources.jar
2019-06-29 15:10:53,106 [Worker-43: Download sources and javadoc] INFO  o.e.m.j.internal.DownloadSourcesJob - Downloaded sources for javax.inject:javax.inject:1
2019-06-29 15:10:53,168 [Worker-43: Download sources and javadoc] INFO  o.e.m.c.i.e.AbstractTransferListenerAdapter - Downloading https://repo.maven.apache.org/maven2/org/glassfish/hk2/hk2-utils/2.5.0-b42/hk2-utils-2.5.0-b42-sources.jar
2019-06-29 15:10:53,268 [Worker-43: Download sources and javadoc] INFO  o.e.m.c.i.e.AbstractTransferListenerAdapter - Downloaded https://repo.maven.apache.org/maven2/org/glassfish/hk2/hk2-utils/2.5.0-b42/hk2-utils-2.5.0-b42-sources.jar
2019-06-29 15:10:53,511 [Worker-43: Download sources and javadoc] INFO  o.e.m.j.internal.DownloadSourcesJob - Downloaded sources for org.glassfish.hk2:hk2-utils:2.5.0-b42
2019-06-29 15:10:53,570 [Worker-43: Download sources and javadoc] INFO  o.e.m.c.i.e.AbstractTransferListenerAdapter - Downloading https://repo.maven.apache.org/maven2/org/javassist/javassist/3.22.0-CR2/javassist-3.22.0-CR2-sources.jar
2019-06-29 15:10:53,956 [Worker-43: Download sources and javadoc] INFO  o.e.m.c.i.e.AbstractTransferListenerAdapter - Downloaded https://repo.maven.apache.org/maven2/org/javassist/javassist/3.22.0-CR2/javassist-3.22.0-CR2-sources.jar
2019-06-29 15:10:54,126 [Worker-43: Download sources and javadoc] INFO  o.e.m.j.internal.DownloadSourcesJob - Downloaded sources for org.javassist:javassist:3.22.0-CR2
2019-06-29 15:10:54,155 [Worker-43: Download sources and javadoc] INFO  o.e.m.c.i.e.AbstractTransferListenerAdapter - Downloading https://repo.maven.apache.org/maven2/javax/xml/bind/jaxb-api/2.2.11/jaxb-api-2.2.11-sources.jar
2019-06-29 15:10:54,400 [Worker-43: Download sources and javadoc] INFO  o.e.m.c.i.e.AbstractTransferListenerAdapter - Downloaded https://repo.maven.apache.org/maven2/javax/xml/bind/jaxb-api/2.2.11/jaxb-api-2.2.11-sources.jar
2019-06-29 15:10:54,545 [Worker-43: Download sources and javadoc] INFO  o.e.m.j.internal.DownloadSourcesJob - Downloaded sources for javax.xml.bind:jaxb-api:2.2.11
2019-06-29 15:10:54,586 [Worker-43: Download sources and javadoc] INFO  o.e.m.c.i.e.AbstractTransferListenerAdapter - Downloading https://repo.maven.apache.org/maven2/javax/activation/activation/1.1.1/activation-1.1.1-sources.jar
2019-06-29 15:10:54,661 [Worker-43: Download sources and javadoc] INFO  o.e.m.c.i.e.AbstractTransferListenerAdapter - Downloaded https://repo.maven.apache.org/maven2/javax/activation/activation/1.1.1/activation-1.1.1-sources.jar
2019-06-29 15:10:54,873 [Worker-43: Download sources and javadoc] INFO  o.e.m.j.internal.DownloadSourcesJob - Downloaded sources for javax.activation:activation:1.1.1
2019-06-29 15:10:55,864 [Worker-43: Building workspace] INFO  o.e.m.c.i.embedder.EclipseLogger - Using 'UTF-8' encoding to copy filtered resources.
2019-06-29 15:10:55,881 [Worker-43: Building workspace] INFO  o.e.m.c.i.embedder.EclipseLogger - skip non existing resourceDirectory C:\Users\pim14\Documents\HBO ICT\Jaar 1\ipass nieuw\workspace\IPASS\src\main\resources
2019-06-29 15:10:55,898 [Worker-43: Building workspace] INFO  o.e.m.c.i.embedder.EclipseLogger - Using 'UTF-8' encoding to copy filtered resources.
2019-06-29 15:10:55,922 [Worker-43: Building workspace] INFO  o.e.m.c.i.embedder.EclipseLogger - skip non existing resourceDirectory C:\Users\pim14\Documents\HBO ICT\Jaar 1\ipass nieuw\workspace\IPASS\src\test\resources
2019-06-29 15:14:32,832 [Worker-48: Building workspace] INFO  o.e.m.c.i.embedder.EclipseLogger - Using 'UTF-8' encoding to copy filtered resources.
2019-06-29 15:14:32,845 [Worker-48: Building workspace] INFO  o.e.m.c.i.embedder.EclipseLogger - skip non existing resourceDirectory C:\Users\pim14\Documents\HBO ICT\Jaar 1\ipass nieuw\workspace\IPASS\src\main\resources
2019-06-29 15:14:32,858 [Worker-48: Building workspace] INFO  o.e.m.c.i.embedder.EclipseLogger - Using 'UTF-8' encoding to copy filtered resources.
2019-06-29 15:14:32,869 [Worker-48: Building workspace] INFO  o.e.m.c.i.embedder.EclipseLogger - skip non existing resourceDirectory C:\Users\pim14\Documents\HBO ICT\Jaar 1\ipass nieuw\workspace\IPASS\src\test\resources
2019-06-29 15:23:49,874 [Worker-51: Building workspace] INFO  o.e.m.c.i.embedder.EclipseLogger - Using 'UTF-8' encoding to copy filtered resources.
2019-06-29 15:23:49,891 [Worker-51: Building workspace] INFO  o.e.m.c.i.embedder.EclipseLogger - skip non existing resourceDirectory C:\Users\pim14\Documents\HBO ICT\Jaar 1\ipass nieuw\workspace\IPASS\src\main\resources
2019-06-29 15:23:49,906 [Worker-51: Building workspace] INFO  o.e.m.c.i.embedder.EclipseLogger - Using 'UTF-8' encoding to copy filtered resources.
2019-06-29 15:23:49,920 [Worker-51: Building workspace] INFO  o.e.m.c.i.embedder.EclipseLogger - skip non existing resourceDirectory C:\Users\pim14\Documents\HBO ICT\Jaar 1\ipass nieuw\workspace\IPASS\src\test\resources
2019-06-29 15:25:29,054 [Worker-52: Building workspace] INFO  o.e.m.c.i.embedder.EclipseLogger - Using 'UTF-8' encoding to copy filtered resources.
2019-06-29 15:25:29,069 [Worker-52: Building workspace] INFO  o.e.m.c.i.embedder.EclipseLogger - skip non existing resourceDirectory C:\Users\pim14\Documents\HBO ICT\Jaar 1\ipass nieuw\workspace\IPASS\src\main\resources
2019-06-29 15:25:29,084 [Worker-52: Building workspace] INFO  o.e.m.c.i.embedder.EclipseLogger - Using 'UTF-8' encoding to copy filtered resources.
2019-06-29 15:25:29,103 [Worker-52: Building workspace] INFO  o.e.m.c.i.embedder.EclipseLogger - skip non existing resourceDirectory C:\Users\pim14\Documents\HBO ICT\Jaar 1\ipass nieuw\workspace\IPASS\src\test\resources
2019-06-29 15:28:10,202 [Worker-56: Building workspace] INFO  o.e.m.c.i.embedder.EclipseLogger - Using 'UTF-8' encoding to copy filtered resources.
2019-06-29 15:28:10,202 [Worker-56: Building workspace] INFO  o.e.m.c.i.embedder.EclipseLogger - skip non existing resourceDirectory C:\Users\pim14\Documents\HBO ICT\Jaar 1\ipass nieuw\workspace\IPASS\src\main\resources
2019-06-29 15:28:10,242 [Worker-56: Building workspace] INFO  o.e.m.c.i.embedder.EclipseLogger - Using 'UTF-8' encoding to copy filtered resources.
2019-06-29 15:28:10,259 [Worker-56: Building workspace] INFO  o.e.m.c.i.embedder.EclipseLogger - skip non existing resourceDirectory C:\Users\pim14\Documents\HBO ICT\Jaar 1\ipass nieuw\workspace\IPASS\src\test\resources
2019-06-29 15:28:15,375 [Worker-57: Building workspace] INFO  o.e.m.c.i.embedder.EclipseLogger - Using 'UTF-8' encoding to copy filtered resources.
2019-06-29 15:28:15,386 [Worker-57: Building workspace] INFO  o.e.m.c.i.embedder.EclipseLogger - skip non existing resourceDirectory C:\Users\pim14\Documents\HBO ICT\Jaar 1\ipass nieuw\workspace\IPASS\src\main\resources
2019-06-29 15:28:15,399 [Worker-57: Building workspace] INFO  o.e.m.c.i.embedder.EclipseLogger - Using 'UTF-8' encoding to copy filtered resources.
2019-06-29 15:28:15,406 [Worker-57: Building workspace] INFO  o.e.m.c.i.embedder.EclipseLogger - skip non existing resourceDirectory C:\Users\pim14\Documents\HBO ICT\Jaar 1\ipass nieuw\workspace\IPASS\src\test\resources
2019-06-29 16:56:48,705 [Worker-69: Building workspace] INFO  o.e.m.c.i.embedder.EclipseLogger - Using 'UTF-8' encoding to copy filtered resources.
2019-06-29 16:56:48,707 [Worker-69: Building workspace] INFO  o.e.m.c.i.embedder.EclipseLogger - skip non existing resourceDirectory C:\Users\pim14\Documents\HBO ICT\Jaar 1\ipass nieuw\workspace\IPASS\src\main\resources
2019-06-29 16:56:48,719 [Worker-69: Building workspace] INFO  o.e.m.c.i.embedder.EclipseLogger - Using 'UTF-8' encoding to copy filtered resources.
2019-06-29 16:56:48,730 [Worker-69: Building workspace] INFO  o.e.m.c.i.embedder.EclipseLogger - skip non existing resourceDirectory C:\Users\pim14\Documents\HBO ICT\Jaar 1\ipass nieuw\workspace\IPASS\src\test\resources
2019-06-29 16:58:09,235 [Worker-70: Building workspace] INFO  o.e.m.c.i.embedder.EclipseLogger - Using 'UTF-8' encoding to copy filtered resources.
2019-06-29 16:58:09,245 [Worker-70: Building workspace] INFO  o.e.m.c.i.embedder.EclipseLogger - skip non existing resourceDirectory C:\Users\pim14\Documents\HBO ICT\Jaar 1\ipass nieuw\workspace\IPASS\src\main\resources
2019-06-29 16:58:09,257 [Worker-70: Building workspace] INFO  o.e.m.c.i.embedder.EclipseLogger - Using 'UTF-8' encoding to copy filtered resources.
2019-06-29 16:58:09,269 [Worker-70: Building workspace] INFO  o.e.m.c.i.embedder.EclipseLogger - skip non existing resourceDirectory C:\Users\pim14\Documents\HBO ICT\Jaar 1\ipass nieuw\workspace\IPASS\src\test\resources
2019-06-29 16:58:21,861 [Worker-66: Building workspace] INFO  o.e.m.c.i.embedder.EclipseLogger - Using 'UTF-8' encoding to copy filtered resources.
2019-06-29 16:58:21,871 [Worker-66: Building workspace] INFO  o.e.m.c.i.embedder.EclipseLogger - skip non existing resourceDirectory C:\Users\pim14\Documents\HBO ICT\Jaar 1\ipass nieuw\workspace\IPASS\src\main\resources
2019-06-29 16:58:21,881 [Worker-66: Building workspace] INFO  o.e.m.c.i.embedder.EclipseLogger - Using 'UTF-8' encoding to copy filtered resources.
2019-06-29 16:58:21,889 [Worker-66: Building workspace] INFO  o.e.m.c.i.embedder.EclipseLogger - skip non existing resourceDirectory C:\Users\pim14\Documents\HBO ICT\Jaar 1\ipass nieuw\workspace\IPASS\src\test\resources
2019-06-29 17:00:07,697 [Worker-72: Building workspace] INFO  o.e.m.c.i.embedder.EclipseLogger - Using 'UTF-8' encoding to copy filtered resources.
2019-06-29 17:00:07,706 [Worker-72: Building workspace] INFO  o.e.m.c.i.embedder.EclipseLogger - skip non existing resourceDirectory C:\Users\pim14\Documents\HBO ICT\Jaar 1\ipass nieuw\workspace\IPASS\src\main\resources
2019-06-29 17:00:07,715 [Worker-72: Building workspace] INFO  o.e.m.c.i.embedder.EclipseLogger - Using 'UTF-8' encoding to copy filtered resources.
2019-06-29 17:00:07,722 [Worker-72: Building workspace] INFO  o.e.m.c.i.embedder.EclipseLogger - skip non existing resourceDirectory C:\Users\pim14\Documents\HBO ICT\Jaar 1\ipass nieuw\workspace\IPASS\src\test\resources
2019-06-29 17:04:15,650 [Worker-66: Building workspace] INFO  o.e.m.c.i.embedder.EclipseLogger - Using 'UTF-8' encoding to copy filtered resources.
2019-06-29 17:04:15,660 [Worker-66: Building workspace] INFO  o.e.m.c.i.embedder.EclipseLogger - skip non existing resourceDirectory C:\Users\pim14\Documents\HBO ICT\Jaar 1\ipass nieuw\workspace\IPASS\src\main\resources
2019-06-29 17:04:15,669 [Worker-66: Building workspace] INFO  o.e.m.c.i.embedder.EclipseLogger - Using 'UTF-8' encoding to copy filtered resources.
2019-06-29 17:04:15,676 [Worker-66: Building workspace] INFO  o.e.m.c.i.embedder.EclipseLogger - skip non existing resourceDirectory C:\Users\pim14\Documents\HBO ICT\Jaar 1\ipass nieuw\workspace\IPASS\src\test\resources
2019-06-29 17:04:25,309 [Worker-68: Building workspace] INFO  o.e.m.c.i.embedder.EclipseLogger - Using 'UTF-8' encoding to copy filtered resources.
2019-06-29 17:04:25,336 [Worker-68: Building workspace] INFO  o.e.m.c.i.embedder.EclipseLogger - skip non existing resourceDirectory C:\Users\pim14\Documents\HBO ICT\Jaar 1\ipass nieuw\workspace\IPASS\src\main\resources
2019-06-29 17:04:25,358 [Worker-68: Building workspace] INFO  o.e.m.c.i.embedder.EclipseLogger - Using 'UTF-8' encoding to copy filtered resources.
2019-06-29 17:04:25,377 [Worker-68: Building workspace] INFO  o.e.m.c.i.embedder.EclipseLogger - skip non existing resourceDirectory C:\Users\pim14\Documents\HBO ICT\Jaar 1\ipass nieuw\workspace\IPASS\src\test\resources
2019-06-29 22:52:54,466 [Worker-98: Building workspace] INFO  o.e.m.c.i.embedder.EclipseLogger - Using 'UTF-8' encoding to copy filtered resources.
2019-06-29 22:52:54,470 [Worker-98: Building workspace] INFO  o.e.m.c.i.embedder.EclipseLogger - skip non existing resourceDirectory C:\Users\pim14\Documents\HBO ICT\Jaar 1\ipass nieuw\workspace\IPASS\src\main\resources
2019-06-29 22:52:54,478 [Worker-98: Building workspace] INFO  o.e.m.c.i.embedder.EclipseLogger - Using 'UTF-8' encoding to copy filtered resources.
2019-06-29 22:52:54,486 [Worker-98: Building workspace] INFO  o.e.m.c.i.embedder.EclipseLogger - skip non existing resourceDirectory C:\Users\pim14\Documents\HBO ICT\Jaar 1\ipass nieuw\workspace\IPASS\src\test\resources
2019-06-29 22:56:13,992 [Worker-95: Building workspace] INFO  o.e.m.c.i.embedder.EclipseLogger - Using 'UTF-8' encoding to copy filtered resources.
2019-06-29 22:56:14,006 [Worker-95: Building workspace] INFO  o.e.m.c.i.embedder.EclipseLogger - skip non existing resourceDirectory C:\Users\pim14\Documents\HBO ICT\Jaar 1\ipass nieuw\workspace\IPASS\src\main\resources
2019-06-29 22:56:14,026 [Worker-95: Building workspace] INFO  o.e.m.c.i.embedder.EclipseLogger - Using 'UTF-8' encoding to copy filtered resources.
2019-06-29 22:56:14,037 [Worker-95: Building workspace] INFO  o.e.m.c.i.embedder.EclipseLogger - skip non existing resourceDirectory C:\Users\pim14\Documents\HBO ICT\Jaar 1\ipass nieuw\workspace\IPASS\src\test\resources
2019-06-29 22:56:32,544 [Worker-101: Building workspace] INFO  o.e.m.c.i.embedder.EclipseLogger - Using 'UTF-8' encoding to copy filtered resources.
2019-06-29 22:56:32,556 [Worker-101: Building workspace] INFO  o.e.m.c.i.embedder.EclipseLogger - skip non existing resourceDirectory C:\Users\pim14\Documents\HBO ICT\Jaar 1\ipass nieuw\workspace\IPASS\src\main\resources
2019-06-29 22:56:32,567 [Worker-101: Building workspace] INFO  o.e.m.c.i.embedder.EclipseLogger - Using 'UTF-8' encoding to copy filtered resources.
2019-06-29 22:56:32,586 [Worker-101: Building workspace] INFO  o.e.m.c.i.embedder.EclipseLogger - skip non existing resourceDirectory C:\Users\pim14\Documents\HBO ICT\Jaar 1\ipass nieuw\workspace\IPASS\src\test\resources
2019-06-29 22:56:50,006 [Worker-102: Building workspace] INFO  o.e.m.c.i.embedder.EclipseLogger - Using 'UTF-8' encoding to copy filtered resources.
2019-06-29 22:56:50,015 [Worker-102: Building workspace] INFO  o.e.m.c.i.embedder.EclipseLogger - skip non existing resourceDirectory C:\Users\pim14\Documents\HBO ICT\Jaar 1\ipass nieuw\workspace\IPASS\src\main\resources
2019-06-29 22:56:50,025 [Worker-102: Building workspace] INFO  o.e.m.c.i.embedder.EclipseLogger - Using 'UTF-8' encoding to copy filtered resources.
2019-06-29 22:56:50,033 [Worker-102: Building workspace] INFO  o.e.m.c.i.embedder.EclipseLogger - skip non existing resourceDirectory C:\Users\pim14\Documents\HBO ICT\Jaar 1\ipass nieuw\workspace\IPASS\src\test\resources
2019-06-29 22:59:30,485 [Worker-95: Building workspace] INFO  o.e.m.c.i.embedder.EclipseLogger - Using 'UTF-8' encoding to copy filtered resources.
2019-06-29 22:59:30,501 [Worker-95: Building workspace] INFO  o.e.m.c.i.embedder.EclipseLogger - skip non existing resourceDirectory C:\Users\pim14\Documents\HBO ICT\Jaar 1\ipass nieuw\workspace\IPASS\src\main\resources
2019-06-29 22:59:30,521 [Worker-95: Building workspace] INFO  o.e.m.c.i.embedder.EclipseLogger - Using 'UTF-8' encoding to copy filtered resources.
2019-06-29 22:59:30,545 [Worker-95: Building workspace] INFO  o.e.m.c.i.embedder.EclipseLogger - skip non existing resourceDirectory C:\Users\pim14\Documents\HBO ICT\Jaar 1\ipass nieuw\workspace\IPASS\src\test\resources
2019-06-29 23:03:26,347 [Worker-94: Building workspace] INFO  o.e.m.c.i.embedder.EclipseLogger - Using 'UTF-8' encoding to copy filtered resources.
2019-06-29 23:03:26,357 [Worker-94: Building workspace] INFO  o.e.m.c.i.embedder.EclipseLogger - skip non existing resourceDirectory C:\Users\pim14\Documents\HBO ICT\Jaar 1\ipass nieuw\workspace\IPASS\src\main\resources
2019-06-29 23:03:26,369 [Worker-94: Building workspace] INFO  o.e.m.c.i.embedder.EclipseLogger - Using 'UTF-8' encoding to copy filtered resources.
2019-06-29 23:03:26,384 [Worker-94: Building workspace] INFO  o.e.m.c.i.embedder.EclipseLogger - skip non existing resourceDirectory C:\Users\pim14\Documents\HBO ICT\Jaar 1\ipass nieuw\workspace\IPASS\src\test\resources
2019-06-29 23:07:38,942 [Worker-110: Building workspace] INFO  o.e.m.c.i.embedder.EclipseLogger - Using 'UTF-8' encoding to copy filtered resources.
2019-06-29 23:07:38,955 [Worker-110: Building workspace] INFO  o.e.m.c.i.embedder.EclipseLogger - skip non existing resourceDirectory C:\Users\pim14\Documents\HBO ICT\Jaar 1\ipass nieuw\workspace\IPASS\src\main\resources
2019-06-29 23:07:38,966 [Worker-110: Building workspace] INFO  o.e.m.c.i.embedder.EclipseLogger - Using 'UTF-8' encoding to copy filtered resources.
2019-06-29 23:07:38,973 [Worker-110: Building workspace] INFO  o.e.m.c.i.embedder.EclipseLogger - skip non existing resourceDirectory C:\Users\pim14\Documents\HBO ICT\Jaar 1\ipass nieuw\workspace\IPASS\src\test\resources
